Using pre-set license
Built from '2021.3/staging' branch; Version is '2021.3.20f1 (577897200b8b) revision 5732503'; Using compiler version '192829333'; Build Type 'Release'
OS: 'Windows 10  (10.0.19045) 64bit Professional' Language: 'ko' Physical Memory: 16194 MB
BatchMode: 1, IsHumanControllingUs: 0, StartBugReporterOnCrash: 0, Is64bit: 1, IsPro: 1

COMMAND LINE ARGUMENTS:
C:\Program Files\Unity\Hub\Editor\2021.3.20f1\Editor\Unity.exe
-adb2
-batchMode
-noUpm
-name
AssetImportWorker4
-projectPath
C:/Users/SGA/Desktop/Unity/Unity Game
-logFile
Logs/AssetImportWorker4.log
-srvPort
62632
Successfully changed project path to: C:/Users/SGA/Desktop/Unity/Unity Game
C:/Users/SGA/Desktop/Unity/Unity Game
[UnityMemory] Configuration Parameters - Can be set up in boot.config
    "memorysetup-bucket-allocator-granularity=16"
    "memorysetup-bucket-allocator-bucket-count=8"
    "memorysetup-bucket-allocator-block-size=33554432"
    "memorysetup-bucket-allocator-block-count=8"
    "memorysetup-main-allocator-block-size=16777216"
    "memorysetup-thread-allocator-block-size=16777216"
    "memorysetup-gfx-main-allocator-block-size=16777216"
    "memorysetup-gfx-thread-allocator-block-size=16777216"
    "memorysetup-cache-allocator-block-size=4194304"
    "memorysetup-typetree-allocator-block-size=2097152"
    "memorysetup-profiler-bucket-allocator-granularity=16"
    "memorysetup-profiler-bucket-allocator-bucket-count=8"
    "memorysetup-profiler-bucket-allocator-block-size=33554432"
    "memorysetup-profiler-bucket-allocator-block-count=8"
    "memorysetup-profiler-allocator-block-size=16777216"
    "memorysetup-profiler-editor-allocator-block-size=1048576"
    "memorysetup-temp-allocator-size-main=16777216"
    "memorysetup-job-temp-allocator-block-size=2097152"
    "memorysetup-job-temp-allocator-block-size-background=1048576"
    "memorysetup-job-temp-allocator-reduction-small-platforms=262144"
    "memorysetup-temp-allocator-size-background-worker=32768"
    "memorysetup-temp-allocator-size-job-worker=262144"
    "memorysetup-temp-allocator-size-preload-manager=33554432"
    "memorysetup-temp-allocator-size-nav-mesh-worker=65536"
    "memorysetup-temp-allocator-size-audio-worker=65536"
    "memorysetup-temp-allocator-size-cloud-worker=32768"
    "memorysetup-temp-allocator-size-gi-baking-worker=262144"
    "memorysetup-temp-allocator-size-gfx=262144"
Player connection [14904] Host "[IP] 192.168.0.199 [Port] 0 [Flags] 2 [Guid] 2627441844 [EditorId] 2627441844 [Version] 1048832 [Id] WindowsEditor(7,DESKTOP-HQKDT44) [Debug] 1 [PackageName] WindowsEditor [ProjectName] Editor" joined multi-casting on [225.0.0.222:54997]...

Player connection [14904] Host "[IP] 192.168.0.199 [Port] 0 [Flags] 2 [Guid] 2627441844 [EditorId] 2627441844 [Version] 1048832 [Id] WindowsEditor(7,DESKTOP-HQKDT44) [Debug] 1 [PackageName] WindowsEditor [ProjectName] Editor" joined alternative multi-casting on [225.0.0.222:34997]...

Refreshing native plugins compatible for Editor in 39.92 ms, found 2 plugins.
Preloading 0 native plugins for Editor in 0.00 ms.
Initialize engine version: 2021.3.20f1 (577897200b8b)
[Subsystems] Discovering subsystems at path C:/Program Files/Unity/Hub/Editor/2021.3.20f1/Editor/Data/Resources/UnitySubsystems
[Subsystems] Discovering subsystems at path C:/Users/SGA/Desktop/Unity/Unity Game/Assets
GfxDevice: creating device client; threaded=0; jobified=0
Direct3D:
    Version:  Direct3D 11.0 [level 11.1]
    Renderer: NVIDIA GeForce GTX 1650 (ID=0x1f82)
    Vendor:   NVIDIA
    VRAM:     3962 MB
    Driver:   31.0.15.1694
Initialize mono
Mono path[0] = 'C:/Program Files/Unity/Hub/Editor/2021.3.20f1/Editor/Data/Managed'
Mono path[1] = 'C:/Program Files/Unity/Hub/Editor/2021.3.20f1/Editor/Data/MonoBleedingEdge/lib/mono/unityjit-win32'
Mono config path = 'C:/Program Files/Unity/Hub/Editor/2021.3.20f1/Editor/Data/MonoBleedingEdge/etc'
Using monoOptions --debugger-agent=transport=dt_socket,embedding=1,server=y,suspend=n,address=127.0.0.1:56936
Begin MonoManager ReloadAssembly
Registering precompiled unity dll's ...
Register platform support module: C:/Program Files/Unity/Hub/Editor/2021.3.20f1/Editor/Data/PlaybackEngines/AndroidPlayer/UnityEditor.Android.Extensions.dll
Register platform support module: C:/Program Files/Unity/Hub/Editor/2021.3.20f1/Editor/Data/PlaybackEngines/WindowsStandaloneSupport/UnityEditor.WindowsStandalone.Extensions.dll
Registered in 0.005496 seconds.
Native extension for WindowsStandalone target not found
Native extension for Android target not found
Android Extension - Scanning For ADB Devices 167 ms
Refreshing native plugins compatible for Editor in 22.68 ms, found 2 plugins.
Preloading 0 native plugins for Editor in 0.00 ms.
Mono: successfully reloaded assembly
- Completed reload, in  0.629 seconds
Domain Reload Profiling:
	ReloadAssembly (629ms)
		BeginReloadAssembly (68ms)
			ExecutionOrderSort (0ms)
			DisableScriptedObjects (0ms)
			BackupInstance (0ms)
			ReleaseScriptingObjects (0ms)
			CreateAndSetChildDomain (1ms)
		EndReloadAssembly (476ms)
			LoadAssemblies (67ms)
			RebuildTransferFunctionScriptingTraits (0ms)
			SetupTypeCache (91ms)
			ReleaseScriptCaches (0ms)
			RebuildScriptCaches (18ms)
			SetupLoadedEditorAssemblies (327ms)
				LogAssemblyErrors (0ms)
				InitializePlatformSupportModulesInManaged (213ms)
				SetLoadedEditorAssemblies (0ms)
				RefreshPlugins (23ms)
				BeforeProcessingInitializeOnLoad (1ms)
				ProcessInitializeOnLoadAttributes (62ms)
				ProcessInitializeOnLoadMethodAttributes (28ms)
				AfterProcessingInitializeOnLoad (0ms)
				EditorAssembliesLoaded (0ms)
			ExecutionOrderSort2 (0ms)
			AwakeInstancesAfterBackupRestoration (0ms)
Platform modules already initialized, skipping
Registering precompiled user dll's ...
Registered in 0.001366 seconds.
Begin MonoManager ReloadAssembly
Native extension for WindowsStandalone target not found
Native extension for Android target not found
Refreshing native plugins compatible for Editor in 0.31 ms, found 2 plugins.
Preloading 0 native plugins for Editor in 0.00 ms.
Mono: successfully reloaded assembly
- Completed reload, in  0.547 seconds
Domain Reload Profiling:
	ReloadAssembly (548ms)
		BeginReloadAssembly (79ms)
			ExecutionOrderSort (0ms)
			DisableScriptedObjects (4ms)
			BackupInstance (0ms)
			ReleaseScriptingObjects (0ms)
			CreateAndSetChildDomain (13ms)
		EndReloadAssembly (399ms)
			LoadAssemblies (53ms)
			RebuildTransferFunctionScriptingTraits (0ms)
			SetupTypeCache (111ms)
			ReleaseScriptCaches (0ms)
			RebuildScriptCaches (26ms)
			SetupLoadedEditorAssemblies (188ms)
				LogAssemblyErrors (0ms)
				InitializePlatformSupportModulesInManaged (12ms)
				SetLoadedEditorAssemblies (0ms)
				RefreshPlugins (0ms)
				BeforeProcessingInitializeOnLoad (32ms)
				ProcessInitializeOnLoadAttributes (125ms)
				ProcessInitializeOnLoadMethodAttributes (13ms)
				AfterProcessingInitializeOnLoad (4ms)
				EditorAssembliesLoaded (0ms)
			ExecutionOrderSort2 (0ms)
			AwakeInstancesAfterBackupRestoration (4ms)
Platform modules already initialized, skipping
========================================================================
Worker process is ready to serve import requests
Launched and connected shader compiler UnityShaderCompiler.exe after 0.03 seconds
Refreshing native plugins compatible for Editor in 0.30 ms, found 2 plugins.
Preloading 0 native plugins for Editor in 0.00 ms.
Unloading 1442 Unused Serialized files (Serialized files now loaded: 0)
Unloading 15 unused Assets / (30.2 KB). Loaded Objects now: 1919.
Memory consumption went from 74.7 MB to 74.7 MB.
Total: 1.778700 ms (FindLiveObjects: 0.087600 ms CreateObjectMapping: 0.024700 ms MarkObjects: 1.649000 ms  DeleteObjects: 0.016800 ms)

AssetImportParameters requested are different than current active one (requested -> active):
  custom:video-decoder-ogg-theora: a1e56fd34408186e4bbccfd4996cb3dc -> 
  custom:container-muxer-webm: aa71ff27fc2769a1b78a27578f13a17b -> 
  custom:container-demuxer-webm: 4f35f7cbe854078d1ac9338744f61a02 -> 
  custom:video-encoder-webm-vp8: eb34c28f22e8b96e1ab97ce403110664 -> 
  custom:audio-encoder-webm-vorbis: bf7c407c2cedff20999df2af8eb42d56 -> 
  custom:framework-win-MediaFoundation: 216162199b28c13a410421893ffa2e32 -> 
  custom:container-demuxer-ogg: 62fdf1f143b41e24485cea50d1cbac27 -> 
  custom:video-decoder-webm-vp8: 9c59270c3fd7afecdb556c50c9e8de78 -> 
  custom:audio-decoder-ogg-vorbis: bf7c407c2cedff20999df2af8eb42d56 -> 
========================================================================
Received Import Request.
  Time since last request: 14078.641983 seconds.
  path: Assets/99. Resource/_Heathen Engineering
  artifactKey: Guid(eb569181d6c497140ba272288afc0a1c) Importer(815301076,1909f56bfc062723c751e8b465ee728b)
Start importing Assets/99. Resource/_Heathen Engineering using Guid(eb569181d6c497140ba272288afc0a1c) Importer(815301076,1909f56bfc062723c751e8b465ee728b)  -> (artifact id: '4af3b3db0de93484d63f79adea538e51') in 0.009277 seconds 
========================================================================
Received Import Request.
  Time since last request: 0.347745 seconds.
  path: Assets/99. Resource/Bringer Of Death
  artifactKey: Guid(3c4fc5318772ed14789457214af8599c) Importer(815301076,1909f56bfc062723c751e8b465ee728b)
Start importing Assets/99. Resource/Bringer Of Death using Guid(3c4fc5318772ed14789457214af8599c) Importer(815301076,1909f56bfc062723c751e8b465ee728b)  -> (artifact id: 'f1db0ad65d53d8539289e7c1408d9fbf') in 0.007580 seconds 
========================================================================
Received Import Request.
  Time since last request: 1.589744 seconds.
  path: Assets/99. Resource/Bringer Of Death/Animation
  artifactKey: Guid(37ece175d108a0847a3fbc12342d2372) Importer(815301076,1909f56bfc062723c751e8b465ee728b)
Start importing Assets/99. Resource/Bringer Of Death/Animation using Guid(37ece175d108a0847a3fbc12342d2372) Importer(815301076,1909f56bfc062723c751e8b465ee728b)  -> (artifact id: '795ac51791fbf6b7ae4f5c606f7b7b08') in 0.007432 seconds 
========================================================================
Received Import Request.
  Time since last request: 2.822903 seconds.
  path: Assets/99. Resource/Yoge
  artifactKey: Guid(fb9e961dcd96b8e4ca1077f2976d4ed2) Importer(815301076,1909f56bfc062723c751e8b465ee728b)
Start importing Assets/99. Resource/Yoge using Guid(fb9e961dcd96b8e4ca1077f2976d4ed2) Importer(815301076,1909f56bfc062723c751e8b465ee728b)  -> (artifact id: 'e9ff5e71a61027fde4c1c5f9ed075c2f') in 0.005861 seconds 
========================================================================
Received Import Request.
  Time since last request: 1.071767 seconds.
  path: Assets/99. Resource/Yoge/ParallaxBackground 1
  artifactKey: Guid(b3f17850a65c4c941ae413cdf28c243b) Importer(815301076,1909f56bfc062723c751e8b465ee728b)
Start importing Assets/99. Resource/Yoge/ParallaxBackground 1 using Guid(b3f17850a65c4c941ae413cdf28c243b) Importer(815301076,1909f56bfc062723c751e8b465ee728b)  -> (artifact id: '539341f00a297692dc99a7a2f7ba9d27') in 0.007558 seconds 
========================================================================
Received Import Request.
  Time since last request: 2.749780 seconds.
  path: Assets/99. Resource/Yoge/ParallaxBackground 1/Scenes
  artifactKey: Guid(1e4b15e4cefdcea458137dc13c54c6a0) Importer(815301076,1909f56bfc062723c751e8b465ee728b)
Start importing Assets/99. Resource/Yoge/ParallaxBackground 1/Scenes using Guid(1e4b15e4cefdcea458137dc13c54c6a0) Importer(815301076,1909f56bfc062723c751e8b465ee728b)  -> (artifact id: 'cf300d77987948522bf3b09b14b933a4') in 0.005855 seconds 
========================================================================
Received Import Request.
  Time since last request: 3.283428 seconds.
  path: Assets/99. Resource/Yoge/ParallaxBackground 1/Scenes/SampleScene.unity
  artifactKey: Guid(2cda990e2423bbf4892e6590ba056729) Importer(815301076,1909f56bfc062723c751e8b465ee728b)
Start importing Assets/99. Resource/Yoge/ParallaxBackground 1/Scenes/SampleScene.unity using Guid(2cda990e2423bbf4892e6590ba056729) Importer(815301076,1909f56bfc062723c751e8b465ee728b)  -> (artifact id: '5148371a90391255b0881f590f52ed5d') in 0.005947 seconds 
========================================================================
Received Import Request.
  Time since last request: 21.318189 seconds.
  path: Assets/99. Resource/Yoge/ParallaxBackground 1/Scripts
  artifactKey: Guid(802c6b7ac918a5e488e64fe3bc81d68f) Importer(815301076,1909f56bfc062723c751e8b465ee728b)
Start importing Assets/99. Resource/Yoge/ParallaxBackground 1/Scripts using Guid(802c6b7ac918a5e488e64fe3bc81d68f) Importer(815301076,1909f56bfc062723c751e8b465ee728b)  -> (artifact id: 'fab73a63e925db48a938f61b462d69ad') in 0.005242 seconds 
========================================================================
Received Import Request.
  Time since last request: 1.007402 seconds.
  path: Assets/99. Resource/Yoge/ParallaxBackground 1/Scripts/Parallax.cs
  artifactKey: Guid(9a5b7857eadb41b45af3bf53391b77b0) Importer(815301076,1909f56bfc062723c751e8b465ee728b)
Start importing Assets/99. Resource/Yoge/ParallaxBackground 1/Scripts/Parallax.cs using Guid(9a5b7857eadb41b45af3bf53391b77b0) Importer(815301076,1909f56bfc062723c751e8b465ee728b)  -> (artifact id: '1e3d828518d0e2125c085d106962a1f8') in 0.012344 seconds 
========================================================================
Received Prepare
Registering precompiled user dll's ...
Registered in 0.001280 seconds.
Begin MonoManager ReloadAssembly
Native extension for WindowsStandalone target not found
Native extension for Android target not found
Refreshing native plugins compatible for Editor in 0.29 ms, found 2 plugins.
Preloading 0 native plugins for Editor in 0.00 ms.
Mono: successfully reloaded assembly
- Completed reload, in  0.576 seconds
Domain Reload Profiling:
	ReloadAssembly (576ms)
		BeginReloadAssembly (99ms)
			ExecutionOrderSort (0ms)
			DisableScriptedObjects (5ms)
			BackupInstance (0ms)
			ReleaseScriptingObjects (0ms)
			CreateAndSetChildDomain (25ms)
		EndReloadAssembly (416ms)
			LoadAssemblies (53ms)
			RebuildTransferFunctionScriptingTraits (0ms)
			SetupTypeCache (122ms)
			ReleaseScriptCaches (1ms)
			RebuildScriptCaches (23ms)
			SetupLoadedEditorAssemblies (195ms)
				LogAssemblyErrors (0ms)
				InitializePlatformSupportModulesInManaged (12ms)
				SetLoadedEditorAssemblies (0ms)
				RefreshPlugins (0ms)
				BeforeProcessingInitializeOnLoad (34ms)
				ProcessInitializeOnLoadAttributes (130ms)
				ProcessInitializeOnLoadMethodAttributes (13ms)
				AfterProcessingInitializeOnLoad (5ms)
				EditorAssembliesLoaded (0ms)
			ExecutionOrderSort2 (0ms)
			AwakeInstancesAfterBackupRestoration (4ms)
Platform modules already initialized, skipping
Refreshing native plugins compatible for Editor in 0.91 ms, found 2 plugins.
Preloading 0 native plugins for Editor in 0.00 ms.
Unloading 1416 Unused Serialized files (Serialized files now loaded: 0)
Unloading 9 unused Assets / (24.6 KB). Loaded Objects now: 1922.
Memory consumption went from 72.1 MB to 72.1 MB.
Total: 1.761700 ms (FindLiveObjects: 0.090200 ms CreateObjectMapping: 0.024200 ms MarkObjects: 1.632500 ms  DeleteObjects: 0.014000 ms)

AssetImportParameters requested are different than current active one (requested -> active):
  custom:video-decoder-ogg-theora: a1e56fd34408186e4bbccfd4996cb3dc -> 
  custom:container-muxer-webm: aa71ff27fc2769a1b78a27578f13a17b -> 
  custom:container-demuxer-webm: 4f35f7cbe854078d1ac9338744f61a02 -> 
  custom:video-encoder-webm-vp8: eb34c28f22e8b96e1ab97ce403110664 -> 
  custom:audio-encoder-webm-vorbis: bf7c407c2cedff20999df2af8eb42d56 -> 
  custom:framework-win-MediaFoundation: 216162199b28c13a410421893ffa2e32 -> 
  custom:container-demuxer-ogg: 62fdf1f143b41e24485cea50d1cbac27 -> 
  custom:video-decoder-webm-vp8: 9c59270c3fd7afecdb556c50c9e8de78 -> 
  custom:audio-decoder-ogg-vorbis: bf7c407c2cedff20999df2af8eb42d56 -> 
========================================================================
Received Import Request.
  Time since last request: 59.516912 seconds.
  path: Assets/99. Resource/Yoge/ParallaxBackground 1/Scripts/CameraMovement.cs
  artifactKey: Guid(1be97b0777ecbdb4c9094d6e21d58177) Importer(815301076,1909f56bfc062723c751e8b465ee728b)
Start importing Assets/99. Resource/Yoge/ParallaxBackground 1/Scripts/CameraMovement.cs using Guid(1be97b0777ecbdb4c9094d6e21d58177) Importer(815301076,1909f56bfc062723c751e8b465ee728b)  -> (artifact id: '2bbd1d38fe67d0d6be89605dce1ef3cd') in 0.008952 seconds 
========================================================================
Received Import Request.
  Time since last request: 8.866663 seconds.
  path: Assets/99. Resource/Undead Survivor
  artifactKey: Guid(1780f221774a63d41a2d8f4cc08a82af) Importer(815301076,1909f56bfc062723c751e8b465ee728b)
Start importing Assets/99. Resource/Undead Survivor using Guid(1780f221774a63d41a2d8f4cc08a82af) Importer(815301076,1909f56bfc062723c751e8b465ee728b)  -> (artifact id: '36e57f038aae71169077c833370874bb') in 0.011425 seconds 
========================================================================
Received Import Request.
  Time since last request: 0.081417 seconds.
  path: Assets/99. Resource/Undead Survivor/Icon.png
  artifactKey: Guid(8cf32bb594965f3449d71aab39ee30ad) Importer(815301076,1909f56bfc062723c751e8b465ee728b)
Start importing Assets/99. Resource/Undead Survivor/Icon.png using Guid(8cf32bb594965f3449d71aab39ee30ad) Importer(815301076,1909f56bfc062723c751e8b465ee728b)  -> (artifact id: 'd0b3b75cb1b08a8b9b9b9a9644e9792e') in 0.072876 seconds 
========================================================================
Received Prepare
Registering precompiled user dll's ...
Registered in 0.001258 seconds.
Begin MonoManager ReloadAssembly
Native extension for WindowsStandalone target not found
Native extension for Android target not found
Refreshing native plugins compatible for Editor in 0.30 ms, found 2 plugins.
Preloading 0 native plugins for Editor in 0.00 ms.
Mono: successfully reloaded assembly
- Completed reload, in  0.566 seconds
Domain Reload Profiling:
	ReloadAssembly (567ms)
		BeginReloadAssembly (96ms)
			ExecutionOrderSort (0ms)
			DisableScriptedObjects (4ms)
			BackupInstance (0ms)
			ReleaseScriptingObjects (0ms)
			CreateAndSetChildDomain (22ms)
		EndReloadAssembly (406ms)
			LoadAssemblies (55ms)
			RebuildTransferFunctionScriptingTraits (0ms)
			SetupTypeCache (120ms)
			ReleaseScriptCaches (1ms)
			RebuildScriptCaches (23ms)
			SetupLoadedEditorAssemblies (184ms)
				LogAssemblyErrors (0ms)
				InitializePlatformSupportModulesInManaged (13ms)
				SetLoadedEditorAssemblies (0ms)
				RefreshPlugins (0ms)
				BeforeProcessingInitializeOnLoad (30ms)
				ProcessInitializeOnLoadAttributes (123ms)
				ProcessInitializeOnLoadMethodAttributes (13ms)
				AfterProcessingInitializeOnLoad (5ms)
				EditorAssembliesLoaded (0ms)
			ExecutionOrderSort2 (0ms)
			AwakeInstancesAfterBackupRestoration (5ms)
Platform modules already initialized, skipping
Refreshing native plugins compatible for Editor in 0.91 ms, found 2 plugins.
Preloading 0 native plugins for Editor in 0.00 ms.
Unloading 1416 Unused Serialized files (Serialized files now loaded: 0)
Unloading 9 unused Assets / (24.6 KB). Loaded Objects now: 1932.
Memory consumption went from 76.1 MB to 76.1 MB.
Total: 2.003100 ms (FindLiveObjects: 0.120500 ms CreateObjectMapping: 0.045100 ms MarkObjects: 1.816000 ms  DeleteObjects: 0.020400 ms)

AssetImportParameters requested are different than current active one (requested -> active):
  custom:video-decoder-ogg-theora: a1e56fd34408186e4bbccfd4996cb3dc -> 
  custom:container-muxer-webm: aa71ff27fc2769a1b78a27578f13a17b -> 
  custom:container-demuxer-webm: 4f35f7cbe854078d1ac9338744f61a02 -> 
  custom:video-encoder-webm-vp8: eb34c28f22e8b96e1ab97ce403110664 -> 
  custom:audio-encoder-webm-vorbis: bf7c407c2cedff20999df2af8eb42d56 -> 
  custom:framework-win-MediaFoundation: 216162199b28c13a410421893ffa2e32 -> 
  custom:container-demuxer-ogg: 62fdf1f143b41e24485cea50d1cbac27 -> 
  custom:video-decoder-webm-vp8: 9c59270c3fd7afecdb556c50c9e8de78 -> 
  custom:audio-decoder-ogg-vorbis: bf7c407c2cedff20999df2af8eb42d56 -> 
========================================================================
Received Import Request.
  Time since last request: 369.536318 seconds.
  path: Assets/Scenes/Game Start.unity
  artifactKey: Guid(9a90bcc737332eb4386d7b363ada5362) Importer(815301076,1909f56bfc062723c751e8b465ee728b)
Start importing Assets/Scenes/Game Start.unity using Guid(9a90bcc737332eb4386d7b363ada5362) Importer(815301076,1909f56bfc062723c751e8b465ee728b)  -> (artifact id: '71422d096c457562613331ee0ddf4eed') in 0.007713 seconds 
========================================================================
Received Prepare
Registering precompiled user dll's ...
Registered in 0.001344 seconds.
Begin MonoManager ReloadAssembly
Native extension for WindowsStandalone target not found
Native extension for Android target not found
Refreshing native plugins compatible for Editor in 0.30 ms, found 2 plugins.
Preloading 0 native plugins for Editor in 0.00 ms.
Mono: successfully reloaded assembly
- Completed reload, in  0.579 seconds
Domain Reload Profiling:
	ReloadAssembly (579ms)
		BeginReloadAssembly (91ms)
			ExecutionOrderSort (0ms)
			DisableScriptedObjects (4ms)
			BackupInstance (0ms)
			ReleaseScriptingObjects (0ms)
			CreateAndSetChildDomain (20ms)
		EndReloadAssembly (427ms)
			LoadAssemblies (53ms)
			RebuildTransferFunctionScriptingTraits (0ms)
			SetupTypeCache (116ms)
			ReleaseScriptCaches (1ms)
			RebuildScriptCaches (24ms)
			SetupLoadedEditorAssemblies (202ms)
				LogAssemblyErrors (0ms)
				InitializePlatformSupportModulesInManaged (12ms)
				SetLoadedEditorAssemblies (0ms)
				RefreshPlugins (0ms)
				BeforeProcessingInitializeOnLoad (29ms)
				ProcessInitializeOnLoadAttributes (141ms)
				ProcessInitializeOnLoadMethodAttributes (14ms)
				AfterProcessingInitializeOnLoad (5ms)
				EditorAssembliesLoaded (0ms)
			ExecutionOrderSort2 (0ms)
			AwakeInstancesAfterBackupRestoration (5ms)
Platform modules already initialized, skipping
Refreshing native plugins compatible for Editor in 0.88 ms, found 2 plugins.
Preloading 0 native plugins for Editor in 0.00 ms.
Unloading 1416 Unused Serialized files (Serialized files now loaded: 0)
Unloading 9 unused Assets / (24.6 KB). Loaded Objects now: 1935.
Memory consumption went from 76.1 MB to 76.1 MB.
Total: 1.886600 ms (FindLiveObjects: 0.092100 ms CreateObjectMapping: 0.028200 ms MarkObjects: 1.751000 ms  DeleteObjects: 0.014500 ms)

AssetImportParameters requested are different than current active one (requested -> active):
  custom:video-decoder-ogg-theora: a1e56fd34408186e4bbccfd4996cb3dc -> 
  custom:container-muxer-webm: aa71ff27fc2769a1b78a27578f13a17b -> 
  custom:container-demuxer-webm: 4f35f7cbe854078d1ac9338744f61a02 -> 
  custom:video-encoder-webm-vp8: eb34c28f22e8b96e1ab97ce403110664 -> 
  custom:audio-encoder-webm-vorbis: bf7c407c2cedff20999df2af8eb42d56 -> 
  custom:framework-win-MediaFoundation: 216162199b28c13a410421893ffa2e32 -> 
  custom:container-demuxer-ogg: 62fdf1f143b41e24485cea50d1cbac27 -> 
  custom:video-decoder-webm-vp8: 9c59270c3fd7afecdb556c50c9e8de78 -> 
  custom:audio-decoder-ogg-vorbis: bf7c407c2cedff20999df2af8eb42d56 -> 
========================================================================
Received Prepare
Registering precompiled user dll's ...
Registered in 0.001643 seconds.
Begin MonoManager ReloadAssembly
Native extension for WindowsStandalone target not found
Native extension for Android target not found
Refreshing native plugins compatible for Editor in 0.31 ms, found 2 plugins.
Preloading 0 native plugins for Editor in 0.00 ms.
Mono: successfully reloaded assembly
- Completed reload, in  0.598 seconds
Domain Reload Profiling:
	ReloadAssembly (598ms)
		BeginReloadAssembly (92ms)
			ExecutionOrderSort (0ms)
			DisableScriptedObjects (4ms)
			BackupInstance (0ms)
			ReleaseScriptingObjects (0ms)
			CreateAndSetChildDomain (19ms)
		EndReloadAssembly (430ms)
			LoadAssemblies (56ms)
			RebuildTransferFunctionScriptingTraits (0ms)
			SetupTypeCache (135ms)
			ReleaseScriptCaches (1ms)
			RebuildScriptCaches (25ms)
			SetupLoadedEditorAssemblies (189ms)
				LogAssemblyErrors (0ms)
				InitializePlatformSupportModulesInManaged (13ms)
				SetLoadedEditorAssemblies (0ms)
				RefreshPlugins (0ms)
				BeforeProcessingInitializeOnLoad (29ms)
				ProcessInitializeOnLoadAttributes (129ms)
				ProcessInitializeOnLoadMethodAttributes (13ms)
				AfterProcessingInitializeOnLoad (4ms)
				EditorAssembliesLoaded (0ms)
			ExecutionOrderSort2 (0ms)
			AwakeInstancesAfterBackupRestoration (4ms)
Platform modules already initialized, skipping
Refreshing native plugins compatible for Editor in 0.77 ms, found 2 plugins.
Preloading 0 native plugins for Editor in 0.00 ms.
Unloading 1416 Unused Serialized files (Serialized files now loaded: 0)
Unloading 9 unused Assets / (24.6 KB). Loaded Objects now: 1938.
Memory consumption went from 76.1 MB to 76.1 MB.
Total: 1.901700 ms (FindLiveObjects: 0.092300 ms CreateObjectMapping: 0.022700 ms MarkObjects: 1.769100 ms  DeleteObjects: 0.016500 ms)

AssetImportParameters requested are different than current active one (requested -> active):
  custom:video-decoder-ogg-theora: a1e56fd34408186e4bbccfd4996cb3dc -> 
  custom:container-muxer-webm: aa71ff27fc2769a1b78a27578f13a17b -> 
  custom:container-demuxer-webm: 4f35f7cbe854078d1ac9338744f61a02 -> 
  custom:video-encoder-webm-vp8: eb34c28f22e8b96e1ab97ce403110664 -> 
  custom:audio-encoder-webm-vorbis: bf7c407c2cedff20999df2af8eb42d56 -> 
  custom:framework-win-MediaFoundation: 216162199b28c13a410421893ffa2e32 -> 
  custom:container-demuxer-ogg: 62fdf1f143b41e24485cea50d1cbac27 -> 
  custom:video-decoder-webm-vp8: 9c59270c3fd7afecdb556c50c9e8de78 -> 
  custom:audio-decoder-ogg-vorbis: bf7c407c2cedff20999df2af8eb42d56 -> 
========================================================================
Received Prepare
Registering precompiled user dll's ...
Registered in 0.001615 seconds.
Begin MonoManager ReloadAssembly
Native extension for WindowsStandalone target not found
Native extension for Android target not found
Refreshing native plugins compatible for Editor in 0.30 ms, found 2 plugins.
Preloading 0 native plugins for Editor in 0.00 ms.
Mono: successfully reloaded assembly
- Completed reload, in  0.562 seconds
Domain Reload Profiling:
	ReloadAssembly (562ms)
		BeginReloadAssembly (94ms)
			ExecutionOrderSort (0ms)
			DisableScriptedObjects (4ms)
			BackupInstance (0ms)
			ReleaseScriptingObjects (0ms)
			CreateAndSetChildDomain (19ms)
		EndReloadAssembly (402ms)
			LoadAssemblies (59ms)
			RebuildTransferFunctionScriptingTraits (0ms)
			SetupTypeCache (124ms)
			ReleaseScriptCaches (1ms)
			RebuildScriptCaches (23ms)
			SetupLoadedEditorAssemblies (178ms)
				LogAssemblyErrors (0ms)
				InitializePlatformSupportModulesInManaged (12ms)
				SetLoadedEditorAssemblies (0ms)
				RefreshPlugins (0ms)
				BeforeProcessingInitializeOnLoad (30ms)
				ProcessInitializeOnLoadAttributes (119ms)
				ProcessInitializeOnLoadMethodAttributes (12ms)
				AfterProcessingInitializeOnLoad (4ms)
				EditorAssembliesLoaded (0ms)
			ExecutionOrderSort2 (0ms)
			AwakeInstancesAfterBackupRestoration (4ms)
Platform modules already initialized, skipping
Refreshing native plugins compatible for Editor in 1.10 ms, found 2 plugins.
Preloading 0 native plugins for Editor in 0.00 ms.
Unloading 1416 Unused Serialized files (Serialized files now loaded: 0)
Unloading 9 unused Assets / (24.6 KB). Loaded Objects now: 1941.
Memory consumption went from 76.1 MB to 76.1 MB.
Total: 1.895400 ms (FindLiveObjects: 0.094600 ms CreateObjectMapping: 0.027500 ms MarkObjects: 1.752200 ms  DeleteObjects: 0.020000 ms)

AssetImportParameters requested are different than current active one (requested -> active):
  custom:video-decoder-ogg-theora: a1e56fd34408186e4bbccfd4996cb3dc -> 
  custom:container-muxer-webm: aa71ff27fc2769a1b78a27578f13a17b -> 
  custom:container-demuxer-webm: 4f35f7cbe854078d1ac9338744f61a02 -> 
  custom:video-encoder-webm-vp8: eb34c28f22e8b96e1ab97ce403110664 -> 
  custom:audio-encoder-webm-vorbis: bf7c407c2cedff20999df2af8eb42d56 -> 
  custom:framework-win-MediaFoundation: 216162199b28c13a410421893ffa2e32 -> 
  custom:container-demuxer-ogg: 62fdf1f143b41e24485cea50d1cbac27 -> 
  custom:video-decoder-webm-vp8: 9c59270c3fd7afecdb556c50c9e8de78 -> 
  custom:audio-decoder-ogg-vorbis: bf7c407c2cedff20999df2af8eb42d56 -> 
========================================================================
Received Prepare
Registering precompiled user dll's ...
Registered in 0.001433 seconds.
Begin MonoManager ReloadAssembly
Native extension for WindowsStandalone target not found
Native extension for Android target not found
Refreshing native plugins compatible for Editor in 0.30 ms, found 2 plugins.
Preloading 0 native plugins for Editor in 0.00 ms.
Mono: successfully reloaded assembly
- Completed reload, in  0.576 seconds
Domain Reload Profiling:
	ReloadAssembly (576ms)
		BeginReloadAssembly (97ms)
			ExecutionOrderSort (0ms)
			DisableScriptedObjects (4ms)
			BackupInstance (0ms)
			ReleaseScriptingObjects (0ms)
			CreateAndSetChildDomain (20ms)
		EndReloadAssembly (410ms)
			LoadAssemblies (59ms)
			RebuildTransferFunctionScriptingTraits (0ms)
			SetupTypeCache (118ms)
			ReleaseScriptCaches (1ms)
			RebuildScriptCaches (23ms)
			SetupLoadedEditorAssemblies (184ms)
				LogAssemblyErrors (0ms)
				InitializePlatformSupportModulesInManaged (13ms)
				SetLoadedEditorAssemblies (0ms)
				RefreshPlugins (0ms)
				BeforeProcessingInitializeOnLoad (31ms)
				ProcessInitializeOnLoadAttributes (122ms)
				ProcessInitializeOnLoadMethodAttributes (12ms)
				AfterProcessingInitializeOnLoad (4ms)
				EditorAssembliesLoaded (0ms)
			ExecutionOrderSort2 (0ms)
			AwakeInstancesAfterBackupRestoration (5ms)
Platform modules already initialized, skipping
Refreshing native plugins compatible for Editor in 0.81 ms, found 2 plugins.
Preloading 0 native plugins for Editor in 0.00 ms.
Unloading 1416 Unused Serialized files (Serialized files now loaded: 0)
Unloading 9 unused Assets / (24.6 KB). Loaded Objects now: 1944.
Memory consumption went from 76.1 MB to 76.1 MB.
Total: 1.809600 ms (FindLiveObjects: 0.103300 ms CreateObjectMapping: 0.027100 ms MarkObjects: 1.663000 ms  DeleteObjects: 0.015200 ms)

AssetImportParameters requested are different than current active one (requested -> active):
  custom:video-decoder-ogg-theora: a1e56fd34408186e4bbccfd4996cb3dc -> 
  custom:container-muxer-webm: aa71ff27fc2769a1b78a27578f13a17b -> 
  custom:container-demuxer-webm: 4f35f7cbe854078d1ac9338744f61a02 -> 
  custom:video-encoder-webm-vp8: eb34c28f22e8b96e1ab97ce403110664 -> 
  custom:audio-encoder-webm-vorbis: bf7c407c2cedff20999df2af8eb42d56 -> 
  custom:framework-win-MediaFoundation: 216162199b28c13a410421893ffa2e32 -> 
  custom:container-demuxer-ogg: 62fdf1f143b41e24485cea50d1cbac27 -> 
  custom:video-decoder-webm-vp8: 9c59270c3fd7afecdb556c50c9e8de78 -> 
  custom:audio-decoder-ogg-vorbis: bf7c407c2cedff20999df2af8eb42d56 -> 
========================================================================
Received Prepare
Registering precompiled user dll's ...
Registered in 0.001744 seconds.
Begin MonoManager ReloadAssembly
Native extension for WindowsStandalone target not found
Native extension for Android target not found
Refreshing native plugins compatible for Editor in 0.32 ms, found 2 plugins.
Preloading 0 native plugins for Editor in 0.00 ms.
Mono: successfully reloaded assembly
- Completed reload, in  0.543 seconds
Domain Reload Profiling:
	ReloadAssembly (544ms)
		BeginReloadAssembly (89ms)
			ExecutionOrderSort (0ms)
			DisableScriptedObjects (4ms)
			BackupInstance (0ms)
			ReleaseScriptingObjects (0ms)
			CreateAndSetChildDomain (19ms)
		EndReloadAssembly (388ms)
			LoadAssemblies (54ms)
			RebuildTransferFunctionScriptingTraits (0ms)
			SetupTypeCache (112ms)
			ReleaseScriptCaches (1ms)
			RebuildScriptCaches (22ms)
			SetupLoadedEditorAssemblies (178ms)
				LogAssemblyErrors (0ms)
				InitializePlatformSupportModulesInManaged (12ms)
				SetLoadedEditorAssemblies (0ms)
				RefreshPlugins (0ms)
				BeforeProcessingInitializeOnLoad (29ms)
				ProcessInitializeOnLoadAttributes (118ms)
				ProcessInitializeOnLoadMethodAttributes (13ms)
				AfterProcessingInitializeOnLoad (5ms)
				EditorAssembliesLoaded (0ms)
			ExecutionOrderSort2 (0ms)
			AwakeInstancesAfterBackupRestoration (4ms)
Platform modules already initialized, skipping
Refreshing native plugins compatible for Editor in 0.89 ms, found 2 plugins.
Preloading 0 native plugins for Editor in 0.00 ms.
Unloading 1416 Unused Serialized files (Serialized files now loaded: 0)
Unloading 9 unused Assets / (24.6 KB). Loaded Objects now: 1947.
Memory consumption went from 76.1 MB to 76.1 MB.
Total: 1.901800 ms (FindLiveObjects: 0.092500 ms CreateObjectMapping: 0.026300 ms MarkObjects: 1.767700 ms  DeleteObjects: 0.014500 ms)

AssetImportParameters requested are different than current active one (requested -> active):
  custom:video-decoder-ogg-theora: a1e56fd34408186e4bbccfd4996cb3dc -> 
  custom:container-muxer-webm: aa71ff27fc2769a1b78a27578f13a17b -> 
  custom:container-demuxer-webm: 4f35f7cbe854078d1ac9338744f61a02 -> 
  custom:video-encoder-webm-vp8: eb34c28f22e8b96e1ab97ce403110664 -> 
  custom:audio-encoder-webm-vorbis: bf7c407c2cedff20999df2af8eb42d56 -> 
  custom:framework-win-MediaFoundation: 216162199b28c13a410421893ffa2e32 -> 
  custom:container-demuxer-ogg: 62fdf1f143b41e24485cea50d1cbac27 -> 
  custom:video-decoder-webm-vp8: 9c59270c3fd7afecdb556c50c9e8de78 -> 
  custom:audio-decoder-ogg-vorbis: bf7c407c2cedff20999df2af8eb42d56 -> 
========================================================================
Received Import Request.
  Time since last request: 397.199231 seconds.
  path: Assets/Scenes/BulletPattern.unity
  artifactKey: Guid(0c61b8c201820d64e87b2d6a22b7c20f) Importer(815301076,1909f56bfc062723c751e8b465ee728b)
Start importing Assets/Scenes/BulletPattern.unity using Guid(0c61b8c201820d64e87b2d6a22b7c20f) Importer(815301076,1909f56bfc062723c751e8b465ee728b)  -> (artifact id: '75c4d572c45d8e5df1978be0b6f9cb35') in 0.016368 seconds 
========================================================================
Received Import Request.
  Time since last request: 20.794179 seconds.
  path: Assets/Scenes/Game Start.unity
  artifactKey: Guid(9a90bcc737332eb4386d7b363ada5362) Importer(815301076,1909f56bfc062723c751e8b465ee728b)
Start importing Assets/Scenes/Game Start.unity using Guid(9a90bcc737332eb4386d7b363ada5362) Importer(815301076,1909f56bfc062723c751e8b465ee728b)  -> (artifact id: '64a286337d7a4fa7424b8e8c0bc244f6') in 0.001967 seconds 
========================================================================
Received Import Request.
  Time since last request: 21.572452 seconds.
  path: Assets/TextMesh Pro
  artifactKey: Guid(f54d1bd14bd3ca042bd867b519fee8cc) Importer(815301076,1909f56bfc062723c751e8b465ee728b)
Start importing Assets/TextMesh Pro using Guid(f54d1bd14bd3ca042bd867b519fee8cc) Importer(815301076,1909f56bfc062723c751e8b465ee728b)  -> (artifact id: 'f5648c5ef36b7beab651a001a8d08867') in 0.007314 seconds 
========================================================================
Received Import Request.
  Time since last request: 3.342134 seconds.
  path: Assets/TextMesh Pro/Sprites
  artifactKey: Guid(d0603b6d5186471b96c778c3949c7ce2) Importer(815301076,1909f56bfc062723c751e8b465ee728b)
Start importing Assets/TextMesh Pro/Sprites using Guid(d0603b6d5186471b96c778c3949c7ce2) Importer(815301076,1909f56bfc062723c751e8b465ee728b)  -> (artifact id: 'b27a52c99a9f8f9ac4f70e63a6bb6f32') in 0.006162 seconds 
========================================================================
Received Import Request.
  Time since last request: 0.096225 seconds.
  path: Assets/TextMesh Pro/Sprites/EmojiOne.png
  artifactKey: Guid(dffef66376be4fa480fb02b19edbe903) Importer(815301076,1909f56bfc062723c751e8b465ee728b)
Start importing Assets/TextMesh Pro/Sprites/EmojiOne.png using Guid(dffef66376be4fa480fb02b19edbe903) Importer(815301076,1909f56bfc062723c751e8b465ee728b)  -> (artifact id: '82805709879cf9a3f4098b5f325b9a75') in 0.036063 seconds 
========================================================================
Received Import Request.
  Time since last request: 3.065480 seconds.
  path: Assets/TextMesh Pro/Shaders
  artifactKey: Guid(e9f693669af91aa45ad615fc681ed29f) Importer(815301076,1909f56bfc062723c751e8b465ee728b)
Start importing Assets/TextMesh Pro/Shaders using Guid(e9f693669af91aa45ad615fc681ed29f) Importer(815301076,1909f56bfc062723c751e8b465ee728b)  -> (artifact id: '16852098a277b7ddedd49287b21bfbc7') in 0.006123 seconds 
========================================================================
Received Import Request.
  Time since last request: 0.107380 seconds.
  path: Assets/TextMesh Pro/Shaders/TMPro.cginc
  artifactKey: Guid(407bc68d299748449bbf7f48ee690f8d) Importer(815301076,1909f56bfc062723c751e8b465ee728b)
Start importing Assets/TextMesh Pro/Shaders/TMPro.cginc using Guid(407bc68d299748449bbf7f48ee690f8d) Importer(815301076,1909f56bfc062723c751e8b465ee728b)  -> (artifact id: '9166bc1abaeb281fc6783cc3fe76c458') in 0.011600 seconds 
========================================================================
Received Import Request.
  Time since last request: 0.000013 seconds.
  path: Assets/TextMesh Pro/Shaders/TMPro_Surface.cginc
  artifactKey: Guid(d930090c0cd643c7b55f19a38538c162) Importer(815301076,1909f56bfc062723c751e8b465ee728b)
Start importing Assets/TextMesh Pro/Shaders/TMPro_Surface.cginc using Guid(d930090c0cd643c7b55f19a38538c162) Importer(815301076,1909f56bfc062723c751e8b465ee728b)  -> (artifact id: '0b707fb793fd60a56581099cf81a197e') in 0.016757 seconds 
========================================================================
Received Import Request.
  Time since last request: 0.000014 seconds.
  path: Assets/TextMesh Pro/Shaders/TMPro_Properties.cginc
  artifactKey: Guid(3997e2241185407d80309a82f9148466) Importer(815301076,1909f56bfc062723c751e8b465ee728b)
Start importing Assets/TextMesh Pro/Shaders/TMPro_Properties.cginc using Guid(3997e2241185407d80309a82f9148466) Importer(815301076,1909f56bfc062723c751e8b465ee728b)  -> (artifact id: '7506c69260bf7c1cdf33a8f62db534a1') in 0.008672 seconds 
========================================================================
Received Import Request.
  Time since last request: 11.016146 seconds.
  path: Assets/Textures/Boss
  artifactKey: Guid(939ce7c6cc34d7d41a81051de96f49db) Importer(815301076,1909f56bfc062723c751e8b465ee728b)
Start importing Assets/Textures/Boss using Guid(939ce7c6cc34d7d41a81051de96f49db) Importer(815301076,1909f56bfc062723c751e8b465ee728b)  -> (artifact id: '48a06287f814bc59028681deb6ab550e') in 0.007029 seconds 
========================================================================
Received Import Request.
  Time since last request: 0.066026 seconds.
  path: Assets/Textures/Boss/penguin_atack_01.png
  artifactKey: Guid(6059ad9a67fda844aa2d256b0f868934) Importer(815301076,1909f56bfc062723c751e8b465ee728b)
Start importing Assets/Textures/Boss/penguin_atack_01.png using Guid(6059ad9a67fda844aa2d256b0f868934) Importer(815301076,1909f56bfc062723c751e8b465ee728b)  -> (artifact id: 'c36b0bb520894bd6a2cdf0a005a707e2') in 0.047696 seconds 
========================================================================
Received Import Request.
  Time since last request: 0.000018 seconds.
  path: Assets/Textures/Boss/penguin_slide_03.png
  artifactKey: Guid(5b812e93c05ea4345a5924253cee070b) Importer(815301076,1909f56bfc062723c751e8b465ee728b)
Start importing Assets/Textures/Boss/penguin_slide_03.png using Guid(5b812e93c05ea4345a5924253cee070b) Importer(815301076,1909f56bfc062723c751e8b465ee728b)  -> (artifact id: '08aea253b0feae503dc1c0396ce22516') in 0.046090 seconds 
========================================================================
Received Import Request.
  Time since last request: 0.000014 seconds.
  path: Assets/Textures/Boss/penguin_walk_05.png
  artifactKey: Guid(46f53a456f6630c48939a8e43d1dd3d8) Importer(815301076,1909f56bfc062723c751e8b465ee728b)
Start importing Assets/Textures/Boss/penguin_walk_05.png using Guid(46f53a456f6630c48939a8e43d1dd3d8) Importer(815301076,1909f56bfc062723c751e8b465ee728b)  -> (artifact id: 'c1f7fdf34f3a89af92b3daddec123e52') in 0.015971 seconds 
========================================================================
Received Import Request.
  Time since last request: 0.000013 seconds.
  path: Assets/Textures/Boss/penguin_idle_02.png
  artifactKey: Guid(bc773256dd1a7474a86a67f0fe38f4b4) Importer(815301076,1909f56bfc062723c751e8b465ee728b)
Start importing Assets/Textures/Boss/penguin_idle_02.png using Guid(bc773256dd1a7474a86a67f0fe38f4b4) Importer(815301076,1909f56bfc062723c751e8b465ee728b)  -> (artifact id: 'b485b8cc9458599c1cde3916e8e30eeb') in 0.018270 seconds 
========================================================================
Received Import Request.
  Time since last request: 0.000030 seconds.
  path: Assets/Textures/Boss/penguin_idle_01.png
  artifactKey: Guid(901639f1dddd7b04aa3c943786d274d5) Importer(815301076,1909f56bfc062723c751e8b465ee728b)
Start importing Assets/Textures/Boss/penguin_idle_01.png using Guid(901639f1dddd7b04aa3c943786d274d5) Importer(815301076,1909f56bfc062723c751e8b465ee728b)  -> (artifact id: 'd05178565ce570f09f9439c139a02a60') in 0.021455 seconds 
========================================================================
Received Import Request.
  Time since last request: 0.000016 seconds.
  path: Assets/Textures/Boss/penguin_idle_04.png
  artifactKey: Guid(443d79d7afdb77c4fa37bedd87b49eda) Importer(815301076,1909f56bfc062723c751e8b465ee728b)
Start importing Assets/Textures/Boss/penguin_idle_04.png using Guid(443d79d7afdb77c4fa37bedd87b49eda) Importer(815301076,1909f56bfc062723c751e8b465ee728b)  -> (artifact id: '77429856493e3dd1691571cc07f1bb12') in 0.018918 seconds 
========================================================================
Received Import Request.
  Time since last request: 0.000021 seconds.
  path: Assets/Textures/Boss/penguin_walk_08.png
  artifactKey: Guid(b8cde0148568e5c46991e889cfc06f50) Importer(815301076,1909f56bfc062723c751e8b465ee728b)
Start importing Assets/Textures/Boss/penguin_walk_08.png using Guid(b8cde0148568e5c46991e889cfc06f50) Importer(815301076,1909f56bfc062723c751e8b465ee728b)  -> (artifact id: 'b0bb9b8e43e9c0d8b1554fdd09cb41f7') in 0.019111 seconds 
========================================================================
Received Import Request.
  Time since last request: 0.000014 seconds.
  path: Assets/Textures/Boss/penguin_idle_03.png
  artifactKey: Guid(e9edcc163e6607941b40459039ff3ec2) Importer(815301076,1909f56bfc062723c751e8b465ee728b)
Start importing Assets/Textures/Boss/penguin_idle_03.png using Guid(e9edcc163e6607941b40459039ff3ec2) Importer(815301076,1909f56bfc062723c751e8b465ee728b)  -> (artifact id: '5d46aab8a0ba13cbd19f64e01dd0c634') in 0.021837 seconds 
========================================================================
Received Import Request.
  Time since last request: 0.000018 seconds.
  path: Assets/Textures/Boss/penguin_walk_03.png
  artifactKey: Guid(0da402cd4c165004fbce7ae0fe1e8368) Importer(815301076,1909f56bfc062723c751e8b465ee728b)
Start importing Assets/Textures/Boss/penguin_walk_03.png using Guid(0da402cd4c165004fbce7ae0fe1e8368) Importer(815301076,1909f56bfc062723c751e8b465ee728b)  -> (artifact id: '2addaf97db1add0feb76e5ca0b54996c') in 0.017953 seconds 
========================================================================
Received Import Request.
  Time since last request: 0.000017 seconds.
  path: Assets/Textures/Boss/penguin_walk_04.png
  artifactKey: Guid(36ff8417f47c0564dac83ad12f13f3ae) Importer(815301076,1909f56bfc062723c751e8b465ee728b)
Start importing Assets/Textures/Boss/penguin_walk_04.png using Guid(36ff8417f47c0564dac83ad12f13f3ae) Importer(815301076,1909f56bfc062723c751e8b465ee728b)  -> (artifact id: '099ae71c1a7ffc6cca666841ab79efda') in 0.018557 seconds 
========================================================================
Received Import Request.
  Time since last request: 0.000014 seconds.
  path: Assets/Textures/Boss/penguin_walk_02.png
  artifactKey: Guid(c7bf2343067bbe94eb1be7596f0c61eb) Importer(815301076,1909f56bfc062723c751e8b465ee728b)
Start importing Assets/Textures/Boss/penguin_walk_02.png using Guid(c7bf2343067bbe94eb1be7596f0c61eb) Importer(815301076,1909f56bfc062723c751e8b465ee728b)  -> (artifact id: '94418828e7208f03a52d71b22c4d35f7') in 0.020183 seconds 
========================================================================
Received Import Request.
  Time since last request: 6.182131 seconds.
  path: Assets/Icons
  artifactKey: Guid(15e6763d3d1ad8046889af0be1224f8e) Importer(815301076,1909f56bfc062723c751e8b465ee728b)
Start importing Assets/Icons using Guid(15e6763d3d1ad8046889af0be1224f8e) Importer(815301076,1909f56bfc062723c751e8b465ee728b)  -> (artifact id: 'd4667cc3296e4e2f23cd8848cfc6b3ef') in 0.006468 seconds 
========================================================================
Received Import Request.
  Time since last request: 0.785466 seconds.
  path: Assets/Icons/Free Flat Arrow 1 E Icon.png
  artifactKey: Guid(b0b13fccedbbc0243acde6180912a042) Importer(815301076,1909f56bfc062723c751e8b465ee728b)
Start importing Assets/Icons/Free Flat Arrow 1 E Icon.png using Guid(b0b13fccedbbc0243acde6180912a042) Importer(815301076,1909f56bfc062723c751e8b465ee728b)  -> (artifact id: '35c29992c6fb0ad0b57e920212d02c40') in 0.027395 seconds 
========================================================================
Received Import Request.
  Time since last request: 0.000020 seconds.
  path: Assets/Icons/Free Flat Arrow 1 W Icon.png
  artifactKey: Guid(f1737b486a23f634bb246de79b8d4f4b) Importer(815301076,1909f56bfc062723c751e8b465ee728b)
Start importing Assets/Icons/Free Flat Arrow 1 W Icon.png using Guid(f1737b486a23f634bb246de79b8d4f4b) Importer(815301076,1909f56bfc062723c751e8b465ee728b)  -> (artifact id: '469f4a435a4e59484e6da4e14db30366') in 0.016160 seconds 
========================================================================
Received Import Request.
  Time since last request: 0.000019 seconds.
  path: Assets/Icons/Free Flat Arrow 1 S Icon.png
  artifactKey: Guid(d1c17021ca3abd240940b57bdb8a735b) Importer(815301076,1909f56bfc062723c751e8b465ee728b)
Start importing Assets/Icons/Free Flat Arrow 1 S Icon.png using Guid(d1c17021ca3abd240940b57bdb8a735b) Importer(815301076,1909f56bfc062723c751e8b465ee728b)  -> (artifact id: '439283ed7ca2347d792f35307256f1cc') in 0.016292 seconds 
========================================================================
Received Import Request.
  Time since last request: 0.000016 seconds.
  path: Assets/Icons/Free Flat Arrow 5 E Icon.png
  artifactKey: Guid(00ed21c7ef7e3a44b94e06d4ac3927ae) Importer(815301076,1909f56bfc062723c751e8b465ee728b)
Start importing Assets/Icons/Free Flat Arrow 5 E Icon.png using Guid(00ed21c7ef7e3a44b94e06d4ac3927ae) Importer(815301076,1909f56bfc062723c751e8b465ee728b)  -> (artifact id: '851e71ed0e262afc85cdcc4a2f6e5024') in 0.015723 seconds 
========================================================================
Received Import Request.
  Time since last request: 0.000014 seconds.
  path: Assets/Icons/Free Flat Arrow 2 NE Icon.png
  artifactKey: Guid(dbd95e0b0a894e24c80c1feabe91c32b) Importer(815301076,1909f56bfc062723c751e8b465ee728b)
Start importing Assets/Icons/Free Flat Arrow 2 NE Icon.png using Guid(dbd95e0b0a894e24c80c1feabe91c32b) Importer(815301076,1909f56bfc062723c751e8b465ee728b)  -> (artifact id: 'b57a18d5f23fc764cd5c5d3b768a95c4') in 0.017465 seconds 
========================================================================
Received Import Request.
  Time since last request: 0.000018 seconds.
  path: Assets/Icons/Free Flat Arrow 4 SW Icon.png
  artifactKey: Guid(c252b24ff5831154d8ec8eaf6aae771d) Importer(815301076,1909f56bfc062723c751e8b465ee728b)
Start importing Assets/Icons/Free Flat Arrow 4 SW Icon.png using Guid(c252b24ff5831154d8ec8eaf6aae771d) Importer(815301076,1909f56bfc062723c751e8b465ee728b)  -> (artifact id: 'a4c304498bbcc07a9453a3ce3a1a53bf') in 0.018164 seconds 
========================================================================
Received Import Request.
  Time since last request: 0.000025 seconds.
  path: Assets/Icons/Free Flat Arrow 5 W Icon.png
  artifactKey: Guid(323bd73710daae84dbc6117dacc5c496) Importer(815301076,1909f56bfc062723c751e8b465ee728b)
Start importing Assets/Icons/Free Flat Arrow 5 W Icon.png using Guid(323bd73710daae84dbc6117dacc5c496) Importer(815301076,1909f56bfc062723c751e8b465ee728b)  -> (artifact id: '11d177d68b37a50fc9d62bf6ae5cd432') in 0.016934 seconds 
========================================================================
Received Import Request.
  Time since last request: 0.000020 seconds.
  path: Assets/Icons/Free Flat Arrow 4 N Icon.png
  artifactKey: Guid(e4c4e46ba50bb604f86f4217e0f4f7dd) Importer(815301076,1909f56bfc062723c751e8b465ee728b)
Start importing Assets/Icons/Free Flat Arrow 4 N Icon.png using Guid(e4c4e46ba50bb604f86f4217e0f4f7dd) Importer(815301076,1909f56bfc062723c751e8b465ee728b)  -> (artifact id: '4bc164072ef65cfc4c495be1a3e78eb7') in 0.019368 seconds 
========================================================================
Received Import Request.
  Time since last request: 0.000013 seconds.
  path: Assets/Icons/Free Flat Arrow 5 SW Icon.png
  artifactKey: Guid(66cea11fb6a86534ab82d8712d6f782b) Importer(815301076,1909f56bfc062723c751e8b465ee728b)
Start importing Assets/Icons/Free Flat Arrow 5 SW Icon.png using Guid(66cea11fb6a86534ab82d8712d6f782b) Importer(815301076,1909f56bfc062723c751e8b465ee728b)  -> (artifact id: '45dff93cc95d34f997b85ecc0f565c31') in 0.015513 seconds 
========================================================================
Received Import Request.
  Time since last request: 0.000019 seconds.
  path: Assets/Icons/Free Flat Arrow 3 E Icon.png
  artifactKey: Guid(2750da8e4b41f294090c5d2a83c0992f) Importer(815301076,1909f56bfc062723c751e8b465ee728b)
Start importing Assets/Icons/Free Flat Arrow 3 E Icon.png using Guid(2750da8e4b41f294090c5d2a83c0992f) Importer(815301076,1909f56bfc062723c751e8b465ee728b)  -> (artifact id: 'fda02ea603d86832290220f6a736bc02') in 0.015443 seconds 
========================================================================
Received Import Request.
  Time since last request: 0.000018 seconds.
  path: Assets/Icons/Free Flat Arrow 6 NW Icon.png
  artifactKey: Guid(6525d93bdc5c93142a517c6f47ef8545) Importer(815301076,1909f56bfc062723c751e8b465ee728b)
Start importing Assets/Icons/Free Flat Arrow 6 NW Icon.png using Guid(6525d93bdc5c93142a517c6f47ef8545) Importer(815301076,1909f56bfc062723c751e8b465ee728b)  -> (artifact id: 'f32fb1213595290b264236e3689b814b') in 0.016207 seconds 
========================================================================
Received Import Request.
  Time since last request: 0.000021 seconds.
  path: Assets/Icons/Free Flat Arrow 4 E Icon.png
  artifactKey: Guid(c3c804cbbfd6a8a4c8e930a1817c8780) Importer(815301076,1909f56bfc062723c751e8b465ee728b)
Start importing Assets/Icons/Free Flat Arrow 4 E Icon.png using Guid(c3c804cbbfd6a8a4c8e930a1817c8780) Importer(815301076,1909f56bfc062723c751e8b465ee728b)  -> (artifact id: 'a05fda53841622ea9de1f9e3a1131dae') in 0.016747 seconds 
========================================================================
Received Import Request.
  Time since last request: 0.000016 seconds.
  path: Assets/Icons/Free Flat Arrow 1 SE Icon.png
  artifactKey: Guid(b32c7f736da6d414885853c4b34e31d7) Importer(815301076,1909f56bfc062723c751e8b465ee728b)
Start importing Assets/Icons/Free Flat Arrow 1 SE Icon.png using Guid(b32c7f736da6d414885853c4b34e31d7) Importer(815301076,1909f56bfc062723c751e8b465ee728b)  -> (artifact id: 'a1a0b7d8024913891d0d8dec08e66bec') in 0.017585 seconds 
========================================================================
Received Import Request.
  Time since last request: 0.000024 seconds.
  path: Assets/Icons/Free Flat Arrow 3 S Icon.png
  artifactKey: Guid(4e424f4b39c7f494faefd764418e86a3) Importer(815301076,1909f56bfc062723c751e8b465ee728b)
Start importing Assets/Icons/Free Flat Arrow 3 S Icon.png using Guid(4e424f4b39c7f494faefd764418e86a3) Importer(815301076,1909f56bfc062723c751e8b465ee728b)  -> (artifact id: '58b08f99a1177f152ff7890a3899929d') in 0.020333 seconds 
========================================================================
Received Import Request.
  Time since last request: 0.000017 seconds.
  path: Assets/Icons/Free Flat Arrow 6 SE Icon.png
  artifactKey: Guid(d4622e6f5db00d741b8679abf793e099) Importer(815301076,1909f56bfc062723c751e8b465ee728b)
Start importing Assets/Icons/Free Flat Arrow 6 SE Icon.png using Guid(d4622e6f5db00d741b8679abf793e099) Importer(815301076,1909f56bfc062723c751e8b465ee728b)  -> (artifact id: '4cb1388a7469b18f1b2ba47cfc48a7c6') in 0.018473 seconds 
========================================================================
Received Import Request.
  Time since last request: 0.000037 seconds.
  path: Assets/Icons/Free Flat Arrow 6 W Icon.png
  artifactKey: Guid(42996e417f9065f41aa52609eeedc5be) Importer(815301076,1909f56bfc062723c751e8b465ee728b)
Start importing Assets/Icons/Free Flat Arrow 6 W Icon.png using Guid(42996e417f9065f41aa52609eeedc5be) Importer(815301076,1909f56bfc062723c751e8b465ee728b)  -> (artifact id: '62a43571845424d7c72b55028bf8ae17') in 0.017369 seconds 
========================================================================
Received Import Request.
  Time since last request: 0.000023 seconds.
  path: Assets/Icons/Free Flat Arrow 7 NW Icon.png
  artifactKey: Guid(ccc4a761be474794aa34e8820d384ff4) Importer(815301076,1909f56bfc062723c751e8b465ee728b)
Start importing Assets/Icons/Free Flat Arrow 7 NW Icon.png using Guid(ccc4a761be474794aa34e8820d384ff4) Importer(815301076,1909f56bfc062723c751e8b465ee728b)  -> (artifact id: 'cc9dd7e4370071089e6b83115b5499f4') in 0.021861 seconds 
========================================================================
Received Import Request.
  Time since last request: 0.000019 seconds.
  path: Assets/Icons/Free Flat Arrow 1 NW Icon.png
  artifactKey: Guid(374f5d9702e6f8e40b920390c6e57387) Importer(815301076,1909f56bfc062723c751e8b465ee728b)
Start importing Assets/Icons/Free Flat Arrow 1 NW Icon.png using Guid(374f5d9702e6f8e40b920390c6e57387) Importer(815301076,1909f56bfc062723c751e8b465ee728b)  -> (artifact id: '9240598107f43dba1efb7b631c543a3f') in 0.017766 seconds 
========================================================================
Received Import Request.
  Time since last request: 0.000023 seconds.
  path: Assets/Icons/Free Flat Arrow 6 N Icon.png
  artifactKey: Guid(06f9cca2a215cad41966d4e9e9ff06f4) Importer(815301076,1909f56bfc062723c751e8b465ee728b)
Start importing Assets/Icons/Free Flat Arrow 6 N Icon.png using Guid(06f9cca2a215cad41966d4e9e9ff06f4) Importer(815301076,1909f56bfc062723c751e8b465ee728b)  -> (artifact id: '81bf5b1d267e56a70f435e2b17be9504') in 0.018290 seconds 
========================================================================
Received Import Request.
  Time since last request: 1.495510 seconds.
  path: Assets/FX
  artifactKey: Guid(cfa2ce83d051ae24e91acc9af25a061c) Importer(815301076,1909f56bfc062723c751e8b465ee728b)
Start importing Assets/FX using Guid(cfa2ce83d051ae24e91acc9af25a061c) Importer(815301076,1909f56bfc062723c751e8b465ee728b)  -> (artifact id: '3995671a1ec735ca763d06e2a369bc08') in 0.005862 seconds 
========================================================================
Received Import Request.
  Time since last request: 3.575677 seconds.
  path: Assets/Anumations
  artifactKey: Guid(d043347cd97d7504683fffe122355160) Importer(815301076,1909f56bfc062723c751e8b465ee728b)
Start importing Assets/Anumations using Guid(d043347cd97d7504683fffe122355160) Importer(815301076,1909f56bfc062723c751e8b465ee728b)  -> (artifact id: '7871137c2f84a88256bcb9d342707f56') in 0.007284 seconds 
========================================================================
Received Prepare
Registering precompiled user dll's ...
Registered in 0.001490 seconds.
Begin MonoManager ReloadAssembly
Native extension for WindowsStandalone target not found
Native extension for Android target not found
Refreshing native plugins compatible for Editor in 0.38 ms, found 2 plugins.
Preloading 0 native plugins for Editor in 0.00 ms.
Mono: successfully reloaded assembly
- Completed reload, in  0.576 seconds
Domain Reload Profiling:
	ReloadAssembly (577ms)
		BeginReloadAssembly (97ms)
			ExecutionOrderSort (0ms)
			DisableScriptedObjects (4ms)
			BackupInstance (0ms)
			ReleaseScriptingObjects (0ms)
			CreateAndSetChildDomain (22ms)
		EndReloadAssembly (411ms)
			LoadAssemblies (57ms)
			RebuildTransferFunctionScriptingTraits (0ms)
			SetupTypeCache (113ms)
			ReleaseScriptCaches (1ms)
			RebuildScriptCaches (24ms)
			SetupLoadedEditorAssemblies (194ms)
				LogAssemblyErrors (0ms)
				InitializePlatformSupportModulesInManaged (14ms)
				SetLoadedEditorAssemblies (0ms)
				RefreshPlugins (0ms)
				BeforeProcessingInitializeOnLoad (29ms)
				ProcessInitializeOnLoadAttributes (129ms)
				ProcessInitializeOnLoadMethodAttributes (17ms)
				AfterProcessingInitializeOnLoad (5ms)
				EditorAssembliesLoaded (0ms)
			ExecutionOrderSort2 (0ms)
			AwakeInstancesAfterBackupRestoration (4ms)
Platform modules already initialized, skipping
Refreshing native plugins compatible for Editor in 0.93 ms, found 2 plugins.
Preloading 0 native plugins for Editor in 0.00 ms.
Unloading 1416 Unused Serialized files (Serialized files now loaded: 0)
Unloading 9 unused Assets / (24.7 KB). Loaded Objects now: 1954.
Memory consumption went from 76.2 MB to 76.2 MB.
Total: 1.912500 ms (FindLiveObjects: 0.105600 ms CreateObjectMapping: 0.042100 ms MarkObjects: 1.750200 ms  DeleteObjects: 0.013700 ms)

AssetImportParameters requested are different than current active one (requested -> active):
  custom:video-decoder-ogg-theora: a1e56fd34408186e4bbccfd4996cb3dc -> 
  custom:container-muxer-webm: aa71ff27fc2769a1b78a27578f13a17b -> 
  custom:container-demuxer-webm: 4f35f7cbe854078d1ac9338744f61a02 -> 
  custom:video-encoder-webm-vp8: eb34c28f22e8b96e1ab97ce403110664 -> 
  custom:audio-encoder-webm-vorbis: bf7c407c2cedff20999df2af8eb42d56 -> 
  custom:framework-win-MediaFoundation: 216162199b28c13a410421893ffa2e32 -> 
  custom:container-demuxer-ogg: 62fdf1f143b41e24485cea50d1cbac27 -> 
  custom:video-decoder-webm-vp8: 9c59270c3fd7afecdb556c50c9e8de78 -> 
  custom:audio-decoder-ogg-vorbis: bf7c407c2cedff20999df2af8eb42d56 -> 
========================================================================
Received Prepare
Registering precompiled user dll's ...
Registered in 0.001285 seconds.
Begin MonoManager ReloadAssembly
Native extension for WindowsStandalone target not found
Native extension for Android target not found
Refreshing native plugins compatible for Editor in 0.43 ms, found 2 plugins.
Preloading 0 native plugins for Editor in 0.00 ms.
Mono: successfully reloaded assembly
- Completed reload, in  0.560 seconds
Domain Reload Profiling:
	ReloadAssembly (560ms)
		BeginReloadAssembly (89ms)
			ExecutionOrderSort (0ms)
			DisableScriptedObjects (4ms)
			BackupInstance (0ms)
			ReleaseScriptingObjects (0ms)
			CreateAndSetChildDomain (19ms)
		EndReloadAssembly (409ms)
			LoadAssemblies (53ms)
			RebuildTransferFunctionScriptingTraits (0ms)
			SetupTypeCache (115ms)
			ReleaseScriptCaches (1ms)
			RebuildScriptCaches (24ms)
			SetupLoadedEditorAssemblies (190ms)
				LogAssemblyErrors (0ms)
				InitializePlatformSupportModulesInManaged (14ms)
				SetLoadedEditorAssemblies (0ms)
				RefreshPlugins (0ms)
				BeforeProcessingInitializeOnLoad (36ms)
				ProcessInitializeOnLoadAttributes (120ms)
				ProcessInitializeOnLoadMethodAttributes (14ms)
				AfterProcessingInitializeOnLoad (4ms)
				EditorAssembliesLoaded (0ms)
			ExecutionOrderSort2 (0ms)
			AwakeInstancesAfterBackupRestoration (4ms)
Platform modules already initialized, skipping
Refreshing native plugins compatible for Editor in 0.77 ms, found 2 plugins.
Preloading 0 native plugins for Editor in 0.00 ms.
Unloading 1416 Unused Serialized files (Serialized files now loaded: 0)
Unloading 9 unused Assets / (24.6 KB). Loaded Objects now: 1957.
Memory consumption went from 76.2 MB to 76.2 MB.
Total: 2.154200 ms (FindLiveObjects: 0.103100 ms CreateObjectMapping: 0.025500 ms MarkObjects: 2.007300 ms  DeleteObjects: 0.017200 ms)

AssetImportParameters requested are different than current active one (requested -> active):
  custom:video-decoder-ogg-theora: a1e56fd34408186e4bbccfd4996cb3dc -> 
  custom:container-muxer-webm: aa71ff27fc2769a1b78a27578f13a17b -> 
  custom:container-demuxer-webm: 4f35f7cbe854078d1ac9338744f61a02 -> 
  custom:video-encoder-webm-vp8: eb34c28f22e8b96e1ab97ce403110664 -> 
  custom:audio-encoder-webm-vorbis: bf7c407c2cedff20999df2af8eb42d56 -> 
  custom:framework-win-MediaFoundation: 216162199b28c13a410421893ffa2e32 -> 
  custom:container-demuxer-ogg: 62fdf1f143b41e24485cea50d1cbac27 -> 
  custom:video-decoder-webm-vp8: 9c59270c3fd7afecdb556c50c9e8de78 -> 
  custom:audio-decoder-ogg-vorbis: bf7c407c2cedff20999df2af8eb42d56 -> 
