Using pre-set license
Built from '2021.3/staging' branch; Version is '2021.3.20f1 (577897200b8b) revision 5732503'; Using compiler version '192829333'; Build Type 'Release'
OS: 'Windows 10  (10.0.19045) 64bit Professional' Language: 'ko' Physical Memory: 16194 MB
BatchMode: 1, IsHumanControllingUs: 0, StartBugReporterOnCrash: 0, Is64bit: 1, IsPro: 1

COMMAND LINE ARGUMENTS:
C:\Program Files\Unity\Hub\Editor\2021.3.20f1\Editor\Unity.exe
-adb2
-batchMode
-noUpm
-name
AssetImportWorker0
-projectPath
C:/Users/SGA/Desktop/Unity/Unity Game
-logFile
Logs/AssetImportWorker0.log
-srvPort
50579
Successfully changed project path to: C:/Users/SGA/Desktop/Unity/Unity Game
C:/Users/SGA/Desktop/Unity/Unity Game
[UnityMemory] Configuration Parameters - Can be set up in boot.config
    "memorysetup-bucket-allocator-granularity=16"
    "memorysetup-bucket-allocator-bucket-count=8"
    "memorysetup-bucket-allocator-block-size=33554432"
    "memorysetup-bucket-allocator-block-count=8"
    "memorysetup-main-allocator-block-size=16777216"
    "memorysetup-thread-allocator-block-size=16777216"
    "memorysetup-gfx-main-allocator-block-size=16777216"
    "memorysetup-gfx-thread-allocator-block-size=16777216"
    "memorysetup-cache-allocator-block-size=4194304"
    "memorysetup-typetree-allocator-block-size=2097152"
    "memorysetup-profiler-bucket-allocator-granularity=16"
    "memorysetup-profiler-bucket-allocator-bucket-count=8"
    "memorysetup-profiler-bucket-allocator-block-size=33554432"
    "memorysetup-profiler-bucket-allocator-block-count=8"
    "memorysetup-profiler-allocator-block-size=16777216"
    "memorysetup-profiler-editor-allocator-block-size=1048576"
    "memorysetup-temp-allocator-size-main=16777216"
    "memorysetup-job-temp-allocator-block-size=2097152"
    "memorysetup-job-temp-allocator-block-size-background=1048576"
    "memorysetup-job-temp-allocator-reduction-small-platforms=262144"
    "memorysetup-temp-allocator-size-background-worker=32768"
    "memorysetup-temp-allocator-size-job-worker=262144"
    "memorysetup-temp-allocator-size-preload-manager=33554432"
    "memorysetup-temp-allocator-size-nav-mesh-worker=65536"
    "memorysetup-temp-allocator-size-audio-worker=65536"
    "memorysetup-temp-allocator-size-cloud-worker=32768"
    "memorysetup-temp-allocator-size-gi-baking-worker=262144"
    "memorysetup-temp-allocator-size-gfx=262144"
Player connection [4332] Host "[IP] 192.168.0.199 [Port] 0 [Flags] 2 [Guid] 3705321003 [EditorId] 3705321003 [Version] 1048832 [Id] WindowsEditor(7,DESKTOP-HQKDT44) [Debug] 1 [PackageName] WindowsEditor [ProjectName] Editor" joined multi-casting on [225.0.0.222:54997]...

Player connection [4332] Host "[IP] 192.168.0.199 [Port] 0 [Flags] 2 [Guid] 3705321003 [EditorId] 3705321003 [Version] 1048832 [Id] WindowsEditor(7,DESKTOP-HQKDT44) [Debug] 1 [PackageName] WindowsEditor [ProjectName] Editor" joined alternative multi-casting on [225.0.0.222:34997]...

Refreshing native plugins compatible for Editor in 24.31 ms, found 2 plugins.
Preloading 0 native plugins for Editor in 0.00 ms.
Initialize engine version: 2021.3.20f1 (577897200b8b)
[Subsystems] Discovering subsystems at path C:/Program Files/Unity/Hub/Editor/2021.3.20f1/Editor/Data/Resources/UnitySubsystems
[Subsystems] Discovering subsystems at path C:/Users/SGA/Desktop/Unity/Unity Game/Assets
GfxDevice: creating device client; threaded=0; jobified=0
Direct3D:
    Version:  Direct3D 11.0 [level 11.1]
    Renderer: NVIDIA GeForce GTX 1650 (ID=0x1f82)
    Vendor:   NVIDIA
    VRAM:     3962 MB
    Driver:   31.0.15.1694
Initialize mono
Mono path[0] = 'C:/Program Files/Unity/Hub/Editor/2021.3.20f1/Editor/Data/Managed'
Mono path[1] = 'C:/Program Files/Unity/Hub/Editor/2021.3.20f1/Editor/Data/MonoBleedingEdge/lib/mono/unityjit-win32'
Mono config path = 'C:/Program Files/Unity/Hub/Editor/2021.3.20f1/Editor/Data/MonoBleedingEdge/etc'
Using monoOptions --debugger-agent=transport=dt_socket,embedding=1,server=y,suspend=n,address=127.0.0.1:56396
Begin MonoManager ReloadAssembly
Registering precompiled unity dll's ...
Register platform support module: C:/Program Files/Unity/Hub/Editor/2021.3.20f1/Editor/Data/PlaybackEngines/AndroidPlayer/UnityEditor.Android.Extensions.dll
Register platform support module: C:/Program Files/Unity/Hub/Editor/2021.3.20f1/Editor/Data/PlaybackEngines/WindowsStandaloneSupport/UnityEditor.WindowsStandalone.Extensions.dll
Registered in 0.165090 seconds.
Native extension for WindowsStandalone target not found
Native extension for Android target not found
Android Extension - Scanning For ADB Devices 202 ms
Refreshing native plugins compatible for Editor in 23.61 ms, found 2 plugins.
Preloading 0 native plugins for Editor in 0.00 ms.
Mono: successfully reloaded assembly
- Completed reload, in  4.190 seconds
Domain Reload Profiling:
	ReloadAssembly (4191ms)
		BeginReloadAssembly (2760ms)
			ExecutionOrderSort (0ms)
			DisableScriptedObjects (0ms)
			BackupInstance (0ms)
			ReleaseScriptingObjects (0ms)
			CreateAndSetChildDomain (1ms)
		EndReloadAssembly (1009ms)
			LoadAssemblies (2759ms)
			RebuildTransferFunctionScriptingTraits (0ms)
			SetupTypeCache (588ms)
			ReleaseScriptCaches (0ms)
			RebuildScriptCaches (18ms)
			SetupLoadedEditorAssemblies (368ms)
				LogAssemblyErrors (0ms)
				InitializePlatformSupportModulesInManaged (249ms)
				SetLoadedEditorAssemblies (0ms)
				RefreshPlugins (24ms)
				BeforeProcessingInitializeOnLoad (1ms)
				ProcessInitializeOnLoadAttributes (62ms)
				ProcessInitializeOnLoadMethodAttributes (33ms)
				AfterProcessingInitializeOnLoad (0ms)
				EditorAssembliesLoaded (0ms)
			ExecutionOrderSort2 (0ms)
			AwakeInstancesAfterBackupRestoration (0ms)
Platform modules already initialized, skipping
Registering precompiled user dll's ...
Registered in 0.001625 seconds.
Begin MonoManager ReloadAssembly
Native extension for WindowsStandalone target not found
Native extension for Android target not found
Refreshing native plugins compatible for Editor in 0.32 ms, found 2 plugins.
Preloading 0 native plugins for Editor in 0.00 ms.
Mono: successfully reloaded assembly
- Completed reload, in  2.241 seconds
Domain Reload Profiling:
	ReloadAssembly (2241ms)
		BeginReloadAssembly (84ms)
			ExecutionOrderSort (0ms)
			DisableScriptedObjects (4ms)
			BackupInstance (0ms)
			ReleaseScriptingObjects (0ms)
			CreateAndSetChildDomain (14ms)
		EndReloadAssembly (2063ms)
			LoadAssemblies (1327ms)
			RebuildTransferFunctionScriptingTraits (0ms)
			SetupTypeCache (429ms)
			ReleaseScriptCaches (0ms)
			RebuildScriptCaches (30ms)
			SetupLoadedEditorAssemblies (255ms)
				LogAssemblyErrors (0ms)
				InitializePlatformSupportModulesInManaged (13ms)
				SetLoadedEditorAssemblies (0ms)
				RefreshPlugins (0ms)
				BeforeProcessingInitializeOnLoad (36ms)
				ProcessInitializeOnLoadAttributes (185ms)
				ProcessInitializeOnLoadMethodAttributes (15ms)
				AfterProcessingInitializeOnLoad (6ms)
				EditorAssembliesLoaded (0ms)
			ExecutionOrderSort2 (0ms)
			AwakeInstancesAfterBackupRestoration (4ms)
Platform modules already initialized, skipping
========================================================================
Worker process is ready to serve import requests
Launched and connected shader compiler UnityShaderCompiler.exe after 0.04 seconds
Refreshing native plugins compatible for Editor in 0.32 ms, found 2 plugins.
Preloading 0 native plugins for Editor in 0.00 ms.
Unloading 1442 Unused Serialized files (Serialized files now loaded: 0)
Unloading 15 unused Assets / (30.2 KB). Loaded Objects now: 1919.
Memory consumption went from 74.7 MB to 74.6 MB.
Total: 1.833100 ms (FindLiveObjects: 0.094400 ms CreateObjectMapping: 0.029100 ms MarkObjects: 1.687900 ms  DeleteObjects: 0.021000 ms)

AssetImportParameters requested are different than current active one (requested -> active):
  custom:video-decoder-ogg-theora: a1e56fd34408186e4bbccfd4996cb3dc -> 
  custom:container-muxer-webm: aa71ff27fc2769a1b78a27578f13a17b -> 
  custom:container-demuxer-webm: 4f35f7cbe854078d1ac9338744f61a02 -> 
  custom:video-encoder-webm-vp8: eb34c28f22e8b96e1ab97ce403110664 -> 
  custom:audio-encoder-webm-vorbis: bf7c407c2cedff20999df2af8eb42d56 -> 
  custom:framework-win-MediaFoundation: 216162199b28c13a410421893ffa2e32 -> 
  custom:container-demuxer-ogg: 62fdf1f143b41e24485cea50d1cbac27 -> 
  custom:video-decoder-webm-vp8: 9c59270c3fd7afecdb556c50c9e8de78 -> 
  custom:audio-decoder-ogg-vorbis: bf7c407c2cedff20999df2af8eb42d56 -> 
========================================================================
Received Import Request.
  Time since last request: 454.840628 seconds.
  path: Assets/Icons/Free Flat Upload 2 Icon.png
  artifactKey: Guid(e9923c6d5bf099243b4b1ce45e68853a) Importer(815301076,1909f56bfc062723c751e8b465ee728b)
Start importing Assets/Icons/Free Flat Upload 2 Icon.png using Guid(e9923c6d5bf099243b4b1ce45e68853a) Importer(815301076,1909f56bfc062723c751e8b465ee728b)  -> (artifact id: 'd5f9eb9f9e608ef5fddf58353ef59e0d') in 0.087344 seconds 
========================================================================
Received Import Request.
  Time since last request: 0.000022 seconds.
  path: Assets/Icons/Free Flat Upload 1 Icon.png
  artifactKey: Guid(961661a007c5e694ea024df6b49ce3ae) Importer(815301076,1909f56bfc062723c751e8b465ee728b)
Start importing Assets/Icons/Free Flat Upload 1 Icon.png using Guid(961661a007c5e694ea024df6b49ce3ae) Importer(815301076,1909f56bfc062723c751e8b465ee728b)  -> (artifact id: '7f6db9c42db77952d97e3f6dbbab614f') in 0.024202 seconds 
========================================================================
Received Import Request.
  Time since last request: 0.000026 seconds.
  path: Assets/99. Resource/Undead Survivor/Sprites/UI.png
  artifactKey: Guid(d71a3dc7aa20fad4f9a99fc76a9254ba) Importer(815301076,1909f56bfc062723c751e8b465ee728b)
Start importing Assets/99. Resource/Undead Survivor/Sprites/UI.png using Guid(d71a3dc7aa20fad4f9a99fc76a9254ba) Importer(815301076,1909f56bfc062723c751e8b465ee728b)  -> (artifact id: 'cca3cbf449d759bdae6b139cfd56f98e') in 0.106384 seconds 
========================================================================
Received Import Request.
  Time since last request: 0.000016 seconds.
  path: Assets/Icons/Free Flat Volume 0 Icon.png
  artifactKey: Guid(f339c25a4bc8a7642bdf4d4d8194ec18) Importer(815301076,1909f56bfc062723c751e8b465ee728b)
Start importing Assets/Icons/Free Flat Volume 0 Icon.png using Guid(f339c25a4bc8a7642bdf4d4d8194ec18) Importer(815301076,1909f56bfc062723c751e8b465ee728b)  -> (artifact id: 'b766f137b4c1ea5d2e5b93d8f531f8b9') in 0.015397 seconds 
========================================================================
Received Import Request.
  Time since last request: 0.000034 seconds.
  path: Assets/Icons/Free Flat Toggle Thumb Centre Icon.png
  artifactKey: Guid(5ca38f46fb0ec0842bb1308f91141f57) Importer(815301076,1909f56bfc062723c751e8b465ee728b)
Start importing Assets/Icons/Free Flat Toggle Thumb Centre Icon.png using Guid(5ca38f46fb0ec0842bb1308f91141f57) Importer(815301076,1909f56bfc062723c751e8b465ee728b)  -> (artifact id: 'e8384e444f03f6a8e37c81ba73d9c885') in 0.019830 seconds 
========================================================================
Received Import Request.
  Time since last request: 0.000021 seconds.
  path: Assets/Icons/Free Flat Volume 1 Icon.png
  artifactKey: Guid(91661b7a5626fa54286d4c18c95d7d00) Importer(815301076,1909f56bfc062723c751e8b465ee728b)
Start importing Assets/Icons/Free Flat Volume 1 Icon.png using Guid(91661b7a5626fa54286d4c18c95d7d00) Importer(815301076,1909f56bfc062723c751e8b465ee728b)  -> (artifact id: '856376417b302737e75054f7814f8273') in 0.017242 seconds 
========================================================================
Received Import Request.
  Time since last request: 0.028334 seconds.
  path: Assets/Icons/Free Flat Thumbs Down Icon.png
  artifactKey: Guid(44f10997f36483b40926d06c92414351) Importer(815301076,1909f56bfc062723c751e8b465ee728b)
Start importing Assets/Icons/Free Flat Thumbs Down Icon.png using Guid(44f10997f36483b40926d06c92414351) Importer(815301076,1909f56bfc062723c751e8b465ee728b)  -> (artifact id: '093bb4d9e9d5bfd20dde40aac1c21293') in 0.014424 seconds 
========================================================================
Received Import Request.
  Time since last request: 0.000018 seconds.
  path: Assets/Icons/Free Flat Toggle Centre Icon.png
  artifactKey: Guid(da098e9c51c4f7d42bd00970713bfc95) Importer(815301076,1909f56bfc062723c751e8b465ee728b)
Start importing Assets/Icons/Free Flat Toggle Centre Icon.png using Guid(da098e9c51c4f7d42bd00970713bfc95) Importer(815301076,1909f56bfc062723c751e8b465ee728b)  -> (artifact id: 'fb142a8a3e80c87bde2722ccc9624cf9') in 0.017278 seconds 
========================================================================
Received Import Request.
  Time since last request: 0.007646 seconds.
  path: Assets/Icons/Free Flat Signal Up 011 Icon.png
  artifactKey: Guid(bbcbf804e83d1bd4ea93dbd6d941636e) Importer(815301076,1909f56bfc062723c751e8b465ee728b)
Start importing Assets/Icons/Free Flat Signal Up 011 Icon.png using Guid(bbcbf804e83d1bd4ea93dbd6d941636e) Importer(815301076,1909f56bfc062723c751e8b465ee728b)  -> (artifact id: 'f8dd37a134d25aa66c708ec28d01bf53') in 0.017127 seconds 
========================================================================
Received Import Request.
  Time since last request: 0.000015 seconds.
  path: Assets/Icons/Free Flat Signal Up Off Icon.png
  artifactKey: Guid(b626bfb4f029b8e49841dbd66431319f) Importer(815301076,1909f56bfc062723c751e8b465ee728b)
Start importing Assets/Icons/Free Flat Signal Up Off Icon.png using Guid(b626bfb4f029b8e49841dbd66431319f) Importer(815301076,1909f56bfc062723c751e8b465ee728b)  -> (artifact id: '632f3bd78557f874066c3f19ed14617a') in 0.015630 seconds 
========================================================================
Received Import Request.
  Time since last request: 0.000014 seconds.
  path: Assets/Icons/Free Flat Person Icon.png
  artifactKey: Guid(cac9f704575bbe744b68791d16b1806a) Importer(815301076,1909f56bfc062723c751e8b465ee728b)
Start importing Assets/Icons/Free Flat Person Icon.png using Guid(cac9f704575bbe744b68791d16b1806a) Importer(815301076,1909f56bfc062723c751e8b465ee728b)  -> (artifact id: 'c9003808c9cc685ffda4470f09b3c605') in 0.015472 seconds 
========================================================================
Received Import Request.
  Time since last request: 0.000013 seconds.
  path: Assets/Icons/Free Flat Signal Up 1 Icon.png
  artifactKey: Guid(01eead9d665b57646bca62095606183a) Importer(815301076,1909f56bfc062723c751e8b465ee728b)
Start importing Assets/Icons/Free Flat Signal Up 1 Icon.png using Guid(01eead9d665b57646bca62095606183a) Importer(815301076,1909f56bfc062723c751e8b465ee728b)  -> (artifact id: 'c2c724fee17b2966b7d74dc8ea4dd0fb') in 0.019262 seconds 
========================================================================
Received Import Request.
  Time since last request: 0.000016 seconds.
  path: Assets/Icons/Free Flat Plus Icon.png
  artifactKey: Guid(dbd47afd428ae6e46acf14df8476e8db) Importer(815301076,1909f56bfc062723c751e8b465ee728b)
Start importing Assets/Icons/Free Flat Plus Icon.png using Guid(dbd47afd428ae6e46acf14df8476e8db) Importer(815301076,1909f56bfc062723c751e8b465ee728b)  -> (artifact id: 'e84225b57de44550286ca87976863772') in 0.018189 seconds 
========================================================================
Received Import Request.
  Time since last request: 0.000017 seconds.
  path: Assets/Icons/Free Flat Signal Up 0 Icon.png
  artifactKey: Guid(a7244b18d2f1b32478166258108232f0) Importer(815301076,1909f56bfc062723c751e8b465ee728b)
Start importing Assets/Icons/Free Flat Signal Up 0 Icon.png using Guid(a7244b18d2f1b32478166258108232f0) Importer(815301076,1909f56bfc062723c751e8b465ee728b)  -> (artifact id: '78dc066c0f84f929c843993f142e04bd') in 0.017336 seconds 
========================================================================
Received Import Request.
  Time since last request: 0.353251 seconds.
  path: Assets/Icons/Free Flat Mute Icon.png
  artifactKey: Guid(b63baeb07a1575b458e8570f910dbc41) Importer(815301076,1909f56bfc062723c751e8b465ee728b)
Start importing Assets/Icons/Free Flat Mute Icon.png using Guid(b63baeb07a1575b458e8570f910dbc41) Importer(815301076,1909f56bfc062723c751e8b465ee728b)  -> (artifact id: 'da7fbe7ffc17fa3f1a871091ba657716') in 0.017838 seconds 
========================================================================
Received Import Request.
  Time since last request: 0.000015 seconds.
  path: Assets/Icons/Free Flat People 3 Icon.png
  artifactKey: Guid(8cac3f9b9c687694f93a46e1b6aaf3aa) Importer(815301076,1909f56bfc062723c751e8b465ee728b)
Start importing Assets/Icons/Free Flat People 3 Icon.png using Guid(8cac3f9b9c687694f93a46e1b6aaf3aa) Importer(815301076,1909f56bfc062723c751e8b465ee728b)  -> (artifact id: 'aa99689ecc5f0e746292fd0d4a5f3448') in 0.017010 seconds 
========================================================================
Received Import Request.
  Time since last request: 0.000017 seconds.
  path: Assets/Icons/Free Flat Music No Dashless Icon.png
  artifactKey: Guid(547bb804169b8084a8523d172c156a03) Importer(815301076,1909f56bfc062723c751e8b465ee728b)
Start importing Assets/Icons/Free Flat Music No Dashless Icon.png using Guid(547bb804169b8084a8523d172c156a03) Importer(815301076,1909f56bfc062723c751e8b465ee728b)  -> (artifact id: '463de6e25584878037cecb80738da7be') in 0.018096 seconds 
========================================================================
Received Import Request.
  Time since last request: 0.000017 seconds.
  path: Assets/Icons/Free Flat Mic No Icon.png
  artifactKey: Guid(a2209b713c93ece44babfd822911c69e) Importer(815301076,1909f56bfc062723c751e8b465ee728b)
Start importing Assets/Icons/Free Flat Mic No Icon.png using Guid(a2209b713c93ece44babfd822911c69e) Importer(815301076,1909f56bfc062723c751e8b465ee728b)  -> (artifact id: '0409b4b114d4eefeeeefc895c524f05b') in 0.016614 seconds 
========================================================================
Received Import Request.
  Time since last request: 0.000013 seconds.
  path: Assets/Icons/Free Flat Menu 10 Icon.png
  artifactKey: Guid(461c7ab371b3c814e836b1682d4162b3) Importer(815301076,1909f56bfc062723c751e8b465ee728b)
Start importing Assets/Icons/Free Flat Menu 10 Icon.png using Guid(461c7ab371b3c814e836b1682d4162b3) Importer(815301076,1909f56bfc062723c751e8b465ee728b)  -> (artifact id: '8d64259e81110392b84916271a54df91') in 0.015881 seconds 
========================================================================
Received Import Request.
  Time since last request: 0.000014 seconds.
  path: Assets/Icons/Free Flat Mic Off Icon.png
  artifactKey: Guid(e4a9e167cc90cae43bb03120ccbe26ef) Importer(815301076,1909f56bfc062723c751e8b465ee728b)
Start importing Assets/Icons/Free Flat Mic Off Icon.png using Guid(e4a9e167cc90cae43bb03120ccbe26ef) Importer(815301076,1909f56bfc062723c751e8b465ee728b)  -> (artifact id: '83da64ba2caa2c214a6f5ebf6dba9ed5') in 0.017227 seconds 
========================================================================
Received Import Request.
  Time since last request: 0.000017 seconds.
  path: Assets/Icons/Free Flat Menu 7 Icon.png
  artifactKey: Guid(9b466b84db50ef34ea05f95f37e7d439) Importer(815301076,1909f56bfc062723c751e8b465ee728b)
Start importing Assets/Icons/Free Flat Menu 7 Icon.png using Guid(9b466b84db50ef34ea05f95f37e7d439) Importer(815301076,1909f56bfc062723c751e8b465ee728b)  -> (artifact id: 'a78bf61c4461e79abb37741e26c93210') in 0.016546 seconds 
========================================================================
Received Import Request.
  Time since last request: 0.000013 seconds.
  path: Assets/Icons/Free Flat Move Out_1 Icon.png
  artifactKey: Guid(c47d07607041a9e46ac5a017fa569294) Importer(815301076,1909f56bfc062723c751e8b465ee728b)
Start importing Assets/Icons/Free Flat Move Out_1 Icon.png using Guid(c47d07607041a9e46ac5a017fa569294) Importer(815301076,1909f56bfc062723c751e8b465ee728b)  -> (artifact id: '0526f33664ff741d654d5ec655aad5fe') in 0.017137 seconds 
========================================================================
Received Import Request.
  Time since last request: 0.000016 seconds.
  path: Assets/Icons/Free Flat People 4 Icon.png
  artifactKey: Guid(45a1cba1d3d949545a6edfcc72019549) Importer(815301076,1909f56bfc062723c751e8b465ee728b)
Start importing Assets/Icons/Free Flat People 4 Icon.png using Guid(45a1cba1d3d949545a6edfcc72019549) Importer(815301076,1909f56bfc062723c751e8b465ee728b)  -> (artifact id: '0d649c0374ff09212171696b92bb4969') in 0.016465 seconds 
========================================================================
Received Import Request.
  Time since last request: 0.000025 seconds.
  path: Assets/Icons/Free Flat Move In Icon.png
  artifactKey: Guid(fb23ae9c9c616a34a808b7e87e761a4b) Importer(815301076,1909f56bfc062723c751e8b465ee728b)
Start importing Assets/Icons/Free Flat Move In Icon.png using Guid(fb23ae9c9c616a34a808b7e87e761a4b) Importer(815301076,1909f56bfc062723c751e8b465ee728b)  -> (artifact id: '21de1e8c19a66b67908ff45c3cace961') in 0.016477 seconds 
========================================================================
Received Import Request.
  Time since last request: 0.000014 seconds.
  path: Assets/Icons/Free Flat Menu 9 Icon.png
  artifactKey: Guid(c53a8d00e4c3bb34998868ca02b1cd74) Importer(815301076,1909f56bfc062723c751e8b465ee728b)
Start importing Assets/Icons/Free Flat Menu 9 Icon.png using Guid(c53a8d00e4c3bb34998868ca02b1cd74) Importer(815301076,1909f56bfc062723c751e8b465ee728b)  -> (artifact id: 'b4f527e423fb5442bffd70797dc53bd9') in 0.016169 seconds 
========================================================================
Received Import Request.
  Time since last request: 0.000015 seconds.
  path: Assets/Icons/Free Flat Mic Off Dashless Icon.png
  artifactKey: Guid(50fea1eac0ada9a46b84161f5c9db6cd) Importer(815301076,1909f56bfc062723c751e8b465ee728b)
Start importing Assets/Icons/Free Flat Mic Off Dashless Icon.png using Guid(50fea1eac0ada9a46b84161f5c9db6cd) Importer(815301076,1909f56bfc062723c751e8b465ee728b)  -> (artifact id: '8082d073b681dbefce696bfaae39fcc3') in 0.020014 seconds 
========================================================================
Received Import Request.
  Time since last request: 0.000015 seconds.
  path: Assets/Icons/Free Flat Music No Dash Icon.png
  artifactKey: Guid(68398e08cb2ba1d419e4d40d1cbf9249) Importer(815301076,1909f56bfc062723c751e8b465ee728b)
Start importing Assets/Icons/Free Flat Music No Dash Icon.png using Guid(68398e08cb2ba1d419e4d40d1cbf9249) Importer(815301076,1909f56bfc062723c751e8b465ee728b)  -> (artifact id: '5ecbf30f8bff90bca73cb6a00a4b41dc') in 0.017569 seconds 
========================================================================
Received Import Request.
  Time since last request: 0.000018 seconds.
  path: Assets/Icons/Free Flat Mic Off Dash Icon.png
  artifactKey: Guid(c6a91fdbbdde167459002f1c9ca6b127) Importer(815301076,1909f56bfc062723c751e8b465ee728b)
Start importing Assets/Icons/Free Flat Mic Off Dash Icon.png using Guid(c6a91fdbbdde167459002f1c9ca6b127) Importer(815301076,1909f56bfc062723c751e8b465ee728b)  -> (artifact id: '014988e79e1959bcd295520c6a850790') in 0.017166 seconds 
========================================================================
Received Import Request.
  Time since last request: 0.027832 seconds.
  path: Assets/Icons/Free Flat Media Stop Icon.png
  artifactKey: Guid(7d0e2c51f326f034bb2ac5081607bc85) Importer(815301076,1909f56bfc062723c751e8b465ee728b)
Start importing Assets/Icons/Free Flat Media Stop Icon.png using Guid(7d0e2c51f326f034bb2ac5081607bc85) Importer(815301076,1909f56bfc062723c751e8b465ee728b)  -> (artifact id: '717381e66d92898632682c147274edb3') in 0.018549 seconds 
========================================================================
Received Import Request.
  Time since last request: 0.000013 seconds.
  path: Assets/Icons/Free Flat Menu 2 Icon.png
  artifactKey: Guid(0e89f78e71f5979439b0c05bb022f87b) Importer(815301076,1909f56bfc062723c751e8b465ee728b)
Start importing Assets/Icons/Free Flat Menu 2 Icon.png using Guid(0e89f78e71f5979439b0c05bb022f87b) Importer(815301076,1909f56bfc062723c751e8b465ee728b)  -> (artifact id: '403988e4e6a5393f5b3a82b2912980e8') in 0.017306 seconds 
========================================================================
Received Import Request.
  Time since last request: 0.000016 seconds.
  path: Assets/Icons/Free Flat Menu 3 Icon.png
  artifactKey: Guid(80e352140f72c1a46925fdcd2fc5fb28) Importer(815301076,1909f56bfc062723c751e8b465ee728b)
Start importing Assets/Icons/Free Flat Menu 3 Icon.png using Guid(80e352140f72c1a46925fdcd2fc5fb28) Importer(815301076,1909f56bfc062723c751e8b465ee728b)  -> (artifact id: '528f3c2ce157532d06dbc7ee4a78fa15') in 0.018227 seconds 
========================================================================
Received Import Request.
  Time since last request: 0.000014 seconds.
  path: Assets/Icons/Free Flat Magnify Plus Icon.png
  artifactKey: Guid(e8e788d00a023ef4ea9a8e321c8efb2a) Importer(815301076,1909f56bfc062723c751e8b465ee728b)
Start importing Assets/Icons/Free Flat Magnify Plus Icon.png using Guid(e8e788d00a023ef4ea9a8e321c8efb2a) Importer(815301076,1909f56bfc062723c751e8b465ee728b)  -> (artifact id: 'cbfd0a432d5ebf73ddd0ffe563ca430e') in 0.017561 seconds 
========================================================================
Received Import Request.
  Time since last request: 0.000017 seconds.
  path: Assets/Icons/Free Flat Lock Open Icon.png
  artifactKey: Guid(bb7ec8b62952b184997404e390b9e690) Importer(815301076,1909f56bfc062723c751e8b465ee728b)
Start importing Assets/Icons/Free Flat Lock Open Icon.png using Guid(bb7ec8b62952b184997404e390b9e690) Importer(815301076,1909f56bfc062723c751e8b465ee728b)  -> (artifact id: '0733ee2f3a76eff373b5198d48dfa581') in 0.017522 seconds 
========================================================================
Received Import Request.
  Time since last request: 0.000022 seconds.
  path: Assets/Icons/Free Flat Media Left Double Icon.png
  artifactKey: Guid(c7a6fe9f3f07bf74a897236d55e0cee6) Importer(815301076,1909f56bfc062723c751e8b465ee728b)
Start importing Assets/Icons/Free Flat Media Left Double Icon.png using Guid(c7a6fe9f3f07bf74a897236d55e0cee6) Importer(815301076,1909f56bfc062723c751e8b465ee728b)  -> (artifact id: 'e62e66869aa69e91d81e6d05e60d8611') in 0.016529 seconds 
========================================================================
Received Import Request.
  Time since last request: 0.000027 seconds.
  path: Assets/Icons/Free Flat Magnify Minus Icon.png
  artifactKey: Guid(729052d35d545f2459aa6859cdcac322) Importer(815301076,1909f56bfc062723c751e8b465ee728b)
Start importing Assets/Icons/Free Flat Magnify Minus Icon.png using Guid(729052d35d545f2459aa6859cdcac322) Importer(815301076,1909f56bfc062723c751e8b465ee728b)  -> (artifact id: '57e0844c5f2671b1a608280ebc5e7948') in 0.017075 seconds 
========================================================================
Received Import Request.
  Time since last request: 0.000020 seconds.
  path: Assets/Icons/Free Flat Media Left Full Icon.png
  artifactKey: Guid(384f096438e6ce64d8d0ce0cc29739c5) Importer(815301076,1909f56bfc062723c751e8b465ee728b)
Start importing Assets/Icons/Free Flat Media Left Full Icon.png using Guid(384f096438e6ce64d8d0ce0cc29739c5) Importer(815301076,1909f56bfc062723c751e8b465ee728b)  -> (artifact id: '0e398945c86b63ec8ccd1f442ec5a5d7') in 0.017132 seconds 
========================================================================
Received Import Request.
  Time since last request: 0.476303 seconds.
  path: Assets/Icons/Free Flat Hat Split W Icon.png
  artifactKey: Guid(90e127db07a8eb542a422512cb421d2c) Importer(815301076,1909f56bfc062723c751e8b465ee728b)
Start importing Assets/Icons/Free Flat Hat Split W Icon.png using Guid(90e127db07a8eb542a422512cb421d2c) Importer(815301076,1909f56bfc062723c751e8b465ee728b)  -> (artifact id: '5289760651a0c465c5356efb3a1590f5') in 0.016240 seconds 
========================================================================
Received Import Request.
  Time since last request: 0.000016 seconds.
  path: Assets/Icons/Free Flat Home Icon.png
  artifactKey: Guid(2776e7415ee80d54b8ba0b71a8f22d19) Importer(815301076,1909f56bfc062723c751e8b465ee728b)
Start importing Assets/Icons/Free Flat Home Icon.png using Guid(2776e7415ee80d54b8ba0b71a8f22d19) Importer(815301076,1909f56bfc062723c751e8b465ee728b)  -> (artifact id: 'c9db69b63d91aec14f385184b3020aad') in 0.015658 seconds 
========================================================================
Received Import Request.
  Time since last request: 0.000016 seconds.
  path: Assets/Icons/Free Flat Heart Filled Icon.png
  artifactKey: Guid(4217838d18d06c04fbb38361be7b975f) Importer(815301076,1909f56bfc062723c751e8b465ee728b)
Start importing Assets/Icons/Free Flat Heart Filled Icon.png using Guid(4217838d18d06c04fbb38361be7b975f) Importer(815301076,1909f56bfc062723c751e8b465ee728b)  -> (artifact id: '2004a994a85c92942945a4aad9aed9bf') in 0.015707 seconds 
========================================================================
Received Import Request.
  Time since last request: 0.015186 seconds.
  path: Assets/Icons/Free Flat Hat Split NS Icon.png
  artifactKey: Guid(5fbdf9d5c02a7c8488bf88d69359eb3d) Importer(815301076,1909f56bfc062723c751e8b465ee728b)
Start importing Assets/Icons/Free Flat Hat Split NS Icon.png using Guid(5fbdf9d5c02a7c8488bf88d69359eb3d) Importer(815301076,1909f56bfc062723c751e8b465ee728b)  -> (artifact id: '65081cf1fc729d4f6c3d14e82a454b31') in 0.016299 seconds 
========================================================================
Received Import Request.
  Time since last request: 0.000017 seconds.
  path: Assets/Icons/Free Flat Hat Split SW Icon.png
  artifactKey: Guid(2d2efb71714622f48a1b75dcb0fbe9c1) Importer(815301076,1909f56bfc062723c751e8b465ee728b)
Start importing Assets/Icons/Free Flat Hat Split SW Icon.png using Guid(2d2efb71714622f48a1b75dcb0fbe9c1) Importer(815301076,1909f56bfc062723c751e8b465ee728b)  -> (artifact id: '0f14d1f8b810f7c1a2a5ccd92e7795f9') in 0.016841 seconds 
========================================================================
Received Import Request.
  Time since last request: 0.000016 seconds.
  path: Assets/Icons/Free Flat Hat Split NWS Icon.png
  artifactKey: Guid(e9c01f7dbcef8ef4aa228dd4b2d7661a) Importer(815301076,1909f56bfc062723c751e8b465ee728b)
Start importing Assets/Icons/Free Flat Hat Split NWS Icon.png using Guid(e9c01f7dbcef8ef4aa228dd4b2d7661a) Importer(815301076,1909f56bfc062723c751e8b465ee728b)  -> (artifact id: 'd7873d201076e8f2f5d9051f85dca586') in 0.015935 seconds 
========================================================================
Received Import Request.
  Time since last request: 0.000016 seconds.
  path: Assets/Icons/Free Flat Hat Split NES Icon.png
  artifactKey: Guid(c13c42142e883da49b83522d06caeb61) Importer(815301076,1909f56bfc062723c751e8b465ee728b)
Start importing Assets/Icons/Free Flat Hat Split NES Icon.png using Guid(c13c42142e883da49b83522d06caeb61) Importer(815301076,1909f56bfc062723c751e8b465ee728b)  -> (artifact id: '5fbe3e77725d9137519141196650945a') in 0.016692 seconds 
========================================================================
Received Import Request.
  Time since last request: 0.000025 seconds.
  path: Assets/Icons/Free Flat Hat Split ESW Icon.png
  artifactKey: Guid(401cf7eb34cb4fb43ab0ba85694e8e7f) Importer(815301076,1909f56bfc062723c751e8b465ee728b)
Start importing Assets/Icons/Free Flat Hat Split ESW Icon.png using Guid(401cf7eb34cb4fb43ab0ba85694e8e7f) Importer(815301076,1909f56bfc062723c751e8b465ee728b)  -> (artifact id: '845bd7f25d311f347c035263d42f4657') in 0.017028 seconds 
========================================================================
Received Import Request.
  Time since last request: 0.000018 seconds.
  path: Assets/Icons/Free Flat Hat Split NE Icon.png
  artifactKey: Guid(b61b4cfa10e855e4eac44966d6113f26) Importer(815301076,1909f56bfc062723c751e8b465ee728b)
Start importing Assets/Icons/Free Flat Hat Split NE Icon.png using Guid(b61b4cfa10e855e4eac44966d6113f26) Importer(815301076,1909f56bfc062723c751e8b465ee728b)  -> (artifact id: '3f3d7e45feecbc1f98177c544eb277ac') in 0.016211 seconds 
========================================================================
Received Import Request.
  Time since last request: 0.000020 seconds.
  path: Assets/Icons/Free Flat Hat Split NESW Icon.png
  artifactKey: Guid(00b091dc7bf12c342b2fb878622f1dac) Importer(815301076,1909f56bfc062723c751e8b465ee728b)
Start importing Assets/Icons/Free Flat Hat Split NESW Icon.png using Guid(00b091dc7bf12c342b2fb878622f1dac) Importer(815301076,1909f56bfc062723c751e8b465ee728b)  -> (artifact id: 'd6471a6e4430e050adfc79d31c9202e4') in 0.016767 seconds 
========================================================================
Received Import Request.
  Time since last request: 2.735644 seconds.
  path: Assets/99. Resource/Undead Survivor/Sprites/Farmer 3.png
  artifactKey: Guid(57a1443e67528144aa07582927559650) Importer(815301076,1909f56bfc062723c751e8b465ee728b)
Start importing Assets/99. Resource/Undead Survivor/Sprites/Farmer 3.png using Guid(57a1443e67528144aa07582927559650) Importer(815301076,1909f56bfc062723c751e8b465ee728b)  -> (artifact id: '5aaf0150a7625d13ee54319487396bd5') in 0.035472 seconds 
========================================================================
Received Import Request.
  Time since last request: 0.050988 seconds.
  path: Assets/99. Resource/Undead Survivor/Sprites/Farmer 0.png
  artifactKey: Guid(99a24620d31e5ce4e823c32d11e17c2c) Importer(815301076,1909f56bfc062723c751e8b465ee728b)
Start importing Assets/99. Resource/Undead Survivor/Sprites/Farmer 0.png using Guid(99a24620d31e5ce4e823c32d11e17c2c) Importer(815301076,1909f56bfc062723c751e8b465ee728b)  -> (artifact id: '7cce8a8081c6adc2fa96714effb17e9c') in 0.033453 seconds 
========================================================================
Received Import Request.
  Time since last request: 0.020154 seconds.
  path: Assets/99. Resource/Undead Survivor/Sprites/Enemy 3.png
  artifactKey: Guid(d33598d781682e049a53a0a13104ef29) Importer(815301076,1909f56bfc062723c751e8b465ee728b)
Start importing Assets/99. Resource/Undead Survivor/Sprites/Enemy 3.png using Guid(d33598d781682e049a53a0a13104ef29) Importer(815301076,1909f56bfc062723c751e8b465ee728b)  -> (artifact id: '1c432bf8312ea1f00dda2183bdeca2c7') in 0.018392 seconds 
========================================================================
Received Import Request.
  Time since last request: 0.000018 seconds.
  path: Assets/99. Resource/Undead Survivor/Sprites/Enemy 4.png
  artifactKey: Guid(c4d2ccab0c2ad7e47853b6e31a7ac7c2) Importer(815301076,1909f56bfc062723c751e8b465ee728b)
Start importing Assets/99. Resource/Undead Survivor/Sprites/Enemy 4.png using Guid(c4d2ccab0c2ad7e47853b6e31a7ac7c2) Importer(815301076,1909f56bfc062723c751e8b465ee728b)  -> (artifact id: 'f9a5c1111bf40610a9d0d5995c7d047a') in 0.021486 seconds 
========================================================================
Received Import Request.
  Time since last request: 0.009215 seconds.
  path: Packages/com.unity.collab-proxy/Editor/PlasticSCM/Assets/Images/d_step3.png
  artifactKey: Guid(46930b20180b59e46b73494adf53abbb) Importer(815301076,1909f56bfc062723c751e8b465ee728b)
Start importing Packages/com.unity.collab-proxy/Editor/PlasticSCM/Assets/Images/d_step3.png using Guid(46930b20180b59e46b73494adf53abbb) Importer(815301076,1909f56bfc062723c751e8b465ee728b)  -> (artifact id: '5112d8e416f677f0c44d40a2e7f1f756') in 0.014627 seconds 
========================================================================
Received Import Request.
  Time since last request: 0.171229 seconds.
  path: Packages/com.unity.collab-proxy/Editor/PlasticSCM/Assets/Images/d_ignoredoverlay@2x.png
  artifactKey: Guid(68fafd0a2acc3774988418f657bf7b68) Importer(815301076,1909f56bfc062723c751e8b465ee728b)
Start importing Packages/com.unity.collab-proxy/Editor/PlasticSCM/Assets/Images/d_ignoredoverlay@2x.png using Guid(68fafd0a2acc3774988418f657bf7b68) Importer(815301076,1909f56bfc062723c751e8b465ee728b)  -> (artifact id: '2ef123ab4f68d94d526bbb13fdf50ff5') in 0.014030 seconds 
========================================================================
Received Import Request.
  Time since last request: 0.000018 seconds.
  path: Packages/com.unity.collab-proxy/Editor/PlasticSCM/Assets/Images/d_secondarytabclosehover@2x.png
  artifactKey: Guid(9aa4348290784b2468144a97eb15d8d7) Importer(815301076,1909f56bfc062723c751e8b465ee728b)
Start importing Packages/com.unity.collab-proxy/Editor/PlasticSCM/Assets/Images/d_secondarytabclosehover@2x.png using Guid(9aa4348290784b2468144a97eb15d8d7) Importer(815301076,1909f56bfc062723c751e8b465ee728b)  -> (artifact id: '724c6ba0ba579b0a88b88f149e254e73') in 0.014708 seconds 
========================================================================
Received Import Request.
  Time since last request: 0.000017 seconds.
  path: Packages/com.unity.collab-proxy/Editor/PlasticSCM/Assets/Images/d_iconundo.png
  artifactKey: Guid(691dc543ff5b9ca44bf846657ba04161) Importer(815301076,1909f56bfc062723c751e8b465ee728b)
Start importing Packages/com.unity.collab-proxy/Editor/PlasticSCM/Assets/Images/d_iconundo.png using Guid(691dc543ff5b9ca44bf846657ba04161) Importer(815301076,1909f56bfc062723c751e8b465ee728b)  -> (artifact id: '5808ffe4a6762f8e4a3a182c569069f6') in 0.014922 seconds 
========================================================================
Received Import Request.
  Time since last request: 0.000016 seconds.
  path: Packages/com.unity.collab-proxy/Editor/PlasticSCM/Assets/Images/d_iconundo@2x.png
  artifactKey: Guid(6d6088174bb906b49ad8428526ee337b) Importer(815301076,1909f56bfc062723c751e8b465ee728b)
Start importing Packages/com.unity.collab-proxy/Editor/PlasticSCM/Assets/Images/d_iconundo@2x.png using Guid(6d6088174bb906b49ad8428526ee337b) Importer(815301076,1909f56bfc062723c751e8b465ee728b)  -> (artifact id: 'e4816eecf15a809335f9850e53cb6f37') in 0.014922 seconds 
========================================================================
Received Import Request.
  Time since last request: 0.000013 seconds.
  path: Packages/com.unity.collab-proxy/Editor/PlasticSCM/Assets/Images/d_secondarytabclosehover.png
  artifactKey: Guid(6a9d211bea1bc4a429d86cbb2d0b0a3e) Importer(815301076,1909f56bfc062723c751e8b465ee728b)
Start importing Packages/com.unity.collab-proxy/Editor/PlasticSCM/Assets/Images/d_secondarytabclosehover.png using Guid(6a9d211bea1bc4a429d86cbb2d0b0a3e) Importer(815301076,1909f56bfc062723c751e8b465ee728b)  -> (artifact id: '58354f066fe1231e9c7b55862f8fc6bb') in 0.014874 seconds 
========================================================================
Received Import Request.
  Time since last request: 0.084346 seconds.
  path: Packages/com.unity.collab-proxy/Editor/PlasticSCM/Assets/Images/d_iconoutofsyncoverlay@2x.png
  artifactKey: Guid(4d7e6e570e9d65a4c9a994783a0652e2) Importer(815301076,1909f56bfc062723c751e8b465ee728b)
Start importing Packages/com.unity.collab-proxy/Editor/PlasticSCM/Assets/Images/d_iconoutofsyncoverlay@2x.png using Guid(4d7e6e570e9d65a4c9a994783a0652e2) Importer(815301076,1909f56bfc062723c751e8b465ee728b)  -> (artifact id: '85e447ea369570b1bcdb1edb8bc7a4f7') in 0.021566 seconds 
========================================================================
Received Import Request.
  Time since last request: 0.000018 seconds.
  path: Packages/com.unity.collab-proxy/Editor/PlasticSCM/Assets/Images/d_iconplasticnotifyincoming.png
  artifactKey: Guid(f31d2c855644aad4cb2030bce12859f6) Importer(815301076,1909f56bfc062723c751e8b465ee728b)
Start importing Packages/com.unity.collab-proxy/Editor/PlasticSCM/Assets/Images/d_iconplasticnotifyincoming.png using Guid(f31d2c855644aad4cb2030bce12859f6) Importer(815301076,1909f56bfc062723c751e8b465ee728b)  -> (artifact id: '671e891fa388f28c8a50797128e5d3f9') in 0.016216 seconds 
========================================================================
Received Import Request.
  Time since last request: 0.406388 seconds.
  path: Packages/com.unity.collab-proxy/Editor/PlasticSCM/Assets/Images/d_step1@2x.png
  artifactKey: Guid(c8a69ecdf54ac8e4b873466605de27ff) Importer(815301076,1909f56bfc062723c751e8b465ee728b)
Start importing Packages/com.unity.collab-proxy/Editor/PlasticSCM/Assets/Images/d_step1@2x.png using Guid(c8a69ecdf54ac8e4b873466605de27ff) Importer(815301076,1909f56bfc062723c751e8b465ee728b)  -> (artifact id: '3a1df26bd95ef6f105047b747fd94bb1') in 0.015107 seconds 
========================================================================
Received Import Request.
  Time since last request: 0.853647 seconds.
  path: Assets/Icons/Free Flat Media Right Full Icon.png
  artifactKey: Guid(ddf6af97ee5fb574a9f23107f5fda6de) Importer(815301076,1909f56bfc062723c751e8b465ee728b)
Start importing Assets/Icons/Free Flat Media Right Full Icon.png using Guid(ddf6af97ee5fb574a9f23107f5fda6de) Importer(815301076,1909f56bfc062723c751e8b465ee728b)  -> (artifact id: '817019c546458c18141690ba32a3603b') in 0.019177 seconds 
========================================================================
Received Import Request.
  Time since last request: 73.431784 seconds.
  path: Packages/com.unity.collab-proxy/Editor/PlasticSCM/Assets/Images/iconaddedlocal@2x.png
  artifactKey: Guid(a67b58d6cddcd4345b1e001340de5a76) Importer(815301076,1909f56bfc062723c751e8b465ee728b)
Start importing Packages/com.unity.collab-proxy/Editor/PlasticSCM/Assets/Images/iconaddedlocal@2x.png using Guid(a67b58d6cddcd4345b1e001340de5a76) Importer(815301076,1909f56bfc062723c751e8b465ee728b)  -> (artifact id: '0963abf725678e63702d2ec843d205e1') in 0.013679 seconds 
========================================================================
Received Import Request.
  Time since last request: 0.002275 seconds.
  path: Packages/com.unity.collab-proxy/Editor/PlasticSCM/Assets/Images/iconoutofsyncoverlay@2x.png
  artifactKey: Guid(3728580c149181a44b359e89f6edacae) Importer(815301076,1909f56bfc062723c751e8b465ee728b)
Start importing Packages/com.unity.collab-proxy/Editor/PlasticSCM/Assets/Images/iconoutofsyncoverlay@2x.png using Guid(3728580c149181a44b359e89f6edacae) Importer(815301076,1909f56bfc062723c751e8b465ee728b)  -> (artifact id: 'd27aca3962070b9c51aef301e1d0be1e') in 0.014073 seconds 
========================================================================
Received Import Request.
  Time since last request: 0.000017 seconds.
  path: Packages/com.unity.collab-proxy/Editor/PlasticSCM/Assets/Images/iconplasticnotifyconflict.png
  artifactKey: Guid(a916ed6819efd014588f58e3cfc48196) Importer(815301076,1909f56bfc062723c751e8b465ee728b)
Start importing Packages/com.unity.collab-proxy/Editor/PlasticSCM/Assets/Images/iconplasticnotifyconflict.png using Guid(a916ed6819efd014588f58e3cfc48196) Importer(815301076,1909f56bfc062723c751e8b465ee728b)  -> (artifact id: '4c0cfc407d6d135a5ede80fdf4f2788a') in 0.014413 seconds 
========================================================================
Received Import Request.
  Time since last request: 0.000018 seconds.
  path: Packages/com.unity.collab-proxy/Editor/PlasticSCM/Assets/Images/notondisk.png
  artifactKey: Guid(b205f4b28f59dda49af458b35d8a3ff3) Importer(815301076,1909f56bfc062723c751e8b465ee728b)
Start importing Packages/com.unity.collab-proxy/Editor/PlasticSCM/Assets/Images/notondisk.png using Guid(b205f4b28f59dda49af458b35d8a3ff3) Importer(815301076,1909f56bfc062723c751e8b465ee728b)  -> (artifact id: 'ed5d702cb03b4f2f5b3368e9623ef37a') in 0.013174 seconds 
========================================================================
Received Import Request.
  Time since last request: 0.000047 seconds.
  path: Packages/com.unity.collab-proxy/Editor/PlasticSCM/Assets/Images/iconplasticview.png
  artifactKey: Guid(dcb2ee37925b97e438ae244996d81a55) Importer(815301076,1909f56bfc062723c751e8b465ee728b)
Start importing Packages/com.unity.collab-proxy/Editor/PlasticSCM/Assets/Images/iconplasticview.png using Guid(dcb2ee37925b97e438ae244996d81a55) Importer(815301076,1909f56bfc062723c751e8b465ee728b)  -> (artifact id: '4e6b2a5c82ad607bee38af76ee505efb') in 0.013655 seconds 
========================================================================
Received Import Request.
  Time since last request: 0.000017 seconds.
  path: Packages/com.unity.collab-proxy/Editor/PlasticSCM/Assets/Images/refresh@2x.png
  artifactKey: Guid(59571f82a0dc1a14da606dc0df6f8ea7) Importer(815301076,1909f56bfc062723c751e8b465ee728b)
Start importing Packages/com.unity.collab-proxy/Editor/PlasticSCM/Assets/Images/refresh@2x.png using Guid(59571f82a0dc1a14da606dc0df6f8ea7) Importer(815301076,1909f56bfc062723c751e8b465ee728b)  -> (artifact id: 'a3e56e90427bb68f6cde3958b87671de') in 0.013232 seconds 
========================================================================
Received Import Request.
  Time since last request: 0.000016 seconds.
  path: Packages/com.unity.collab-proxy/Editor/PlasticSCM/Assets/Images/iconplasticview@2x.png
  artifactKey: Guid(97a4e2b6ae08b1140a5ba9e22953e029) Importer(815301076,1909f56bfc062723c751e8b465ee728b)
Start importing Packages/com.unity.collab-proxy/Editor/PlasticSCM/Assets/Images/iconplasticview@2x.png using Guid(97a4e2b6ae08b1140a5ba9e22953e029) Importer(815301076,1909f56bfc062723c751e8b465ee728b)  -> (artifact id: 'f97c0d8116bc46ec15c92dca7ce76b62') in 0.013973 seconds 
========================================================================
Received Import Request.
  Time since last request: 0.000017 seconds.
  path: Packages/com.unity.collab-proxy/Editor/PlasticSCM/Assets/Images/iconplasticnotifyconflict@2x.png
  artifactKey: Guid(6e0a54826ffc3ee46b0aa3e1c1575a69) Importer(815301076,1909f56bfc062723c751e8b465ee728b)
Start importing Packages/com.unity.collab-proxy/Editor/PlasticSCM/Assets/Images/iconplasticnotifyconflict@2x.png using Guid(6e0a54826ffc3ee46b0aa3e1c1575a69) Importer(815301076,1909f56bfc062723c751e8b465ee728b)  -> (artifact id: '1d16d19105680627aeae0b5a464a0a2d') in 0.015579 seconds 
========================================================================
Received Import Request.
  Time since last request: 0.023077 seconds.
  path: Packages/com.unity.collab-proxy/Editor/PlasticSCM/Assets/Images/secondarytabclosehover.png
  artifactKey: Guid(8fac55fff4ce5fa40a7b2efefc0e617a) Importer(815301076,1909f56bfc062723c751e8b465ee728b)
Start importing Packages/com.unity.collab-proxy/Editor/PlasticSCM/Assets/Images/secondarytabclosehover.png using Guid(8fac55fff4ce5fa40a7b2efefc0e617a) Importer(815301076,1909f56bfc062723c751e8b465ee728b)  -> (artifact id: '5e2ab0f9c84cd92797646c8a6a8f78a1') in 0.012199 seconds 
========================================================================
Received Import Request.
  Time since last request: 0.168428 seconds.
  path: Packages/com.unity.collab-proxy/Editor/PlasticSCM/Assets/Images/step2@2x.png
  artifactKey: Guid(0029170d14ce6c04c9f45c22cdae5559) Importer(815301076,1909f56bfc062723c751e8b465ee728b)
Start importing Packages/com.unity.collab-proxy/Editor/PlasticSCM/Assets/Images/step2@2x.png using Guid(0029170d14ce6c04c9f45c22cdae5559) Importer(815301076,1909f56bfc062723c751e8b465ee728b)  -> (artifact id: '372ce677d955ed1f3a65fd4cc4997b55') in 0.012665 seconds 
========================================================================
Received Import Request.
  Time since last request: 0.000014 seconds.
  path: Packages/com.unity.collab-proxy/Editor/PlasticSCM/Assets/Images/step3@2x.png
  artifactKey: Guid(36e6970b84831434a9eac79abd03700b) Importer(815301076,1909f56bfc062723c751e8b465ee728b)
Start importing Packages/com.unity.collab-proxy/Editor/PlasticSCM/Assets/Images/step3@2x.png using Guid(36e6970b84831434a9eac79abd03700b) Importer(815301076,1909f56bfc062723c751e8b465ee728b)  -> (artifact id: '3d1b5e13daf67ecb170d18f89cd522ae') in 0.015314 seconds 
========================================================================
Received Import Request.
  Time since last request: 0.000015 seconds.
  path: Assets/99. Resource/Undead Survivor/Sprites/Tiles.png
  artifactKey: Guid(9ee30eb7d2f1f404790266ee96a67099) Importer(815301076,1909f56bfc062723c751e8b465ee728b)
Start importing Assets/99. Resource/Undead Survivor/Sprites/Tiles.png using Guid(9ee30eb7d2f1f404790266ee96a67099) Importer(815301076,1909f56bfc062723c751e8b465ee728b)  -> (artifact id: 'db89ce8723195f9770bd8764b8451e70') in 0.018002 seconds 
========================================================================
Received Import Request.
  Time since last request: 1.261119 seconds.
  path: Packages/com.unity.collab-proxy/Editor/PlasticSCM/Assets/Images/step1@2x.png
  artifactKey: Guid(affeade9874cf2347abb155e8d0db4d8) Importer(815301076,1909f56bfc062723c751e8b465ee728b)
Start importing Packages/com.unity.collab-proxy/Editor/PlasticSCM/Assets/Images/step1@2x.png using Guid(affeade9874cf2347abb155e8d0db4d8) Importer(815301076,1909f56bfc062723c751e8b465ee728b)  -> (artifact id: 'bef35556a93c2de79f81e4d52872ac67') in 0.012904 seconds 
========================================================================
Received Import Request.
  Time since last request: 4.799363 seconds.
  path: Packages/com.unity.collab-proxy/Editor/PlasticSCM/Assets/Images/loading@2x.png
  artifactKey: Guid(5dbc069eb79bd4d43840847264d6d956) Importer(815301076,1909f56bfc062723c751e8b465ee728b)
Start importing Packages/com.unity.collab-proxy/Editor/PlasticSCM/Assets/Images/loading@2x.png using Guid(5dbc069eb79bd4d43840847264d6d956) Importer(815301076,1909f56bfc062723c751e8b465ee728b)  -> (artifact id: '820db4337609f5f9904730c3959da367') in 0.015201 seconds 
========================================================================
Received Import Request.
  Time since last request: 0.256645 seconds.
  path: Packages/com.unity.collab-proxy/Editor/PlasticSCM/Assets/Images/iconrepository.png
  artifactKey: Guid(ed64f3a17f2ede646be21ed6edc9161a) Importer(815301076,1909f56bfc062723c751e8b465ee728b)
Start importing Packages/com.unity.collab-proxy/Editor/PlasticSCM/Assets/Images/iconrepository.png using Guid(ed64f3a17f2ede646be21ed6edc9161a) Importer(815301076,1909f56bfc062723c751e8b465ee728b)  -> (artifact id: '291ece90f609caa27c88e1c9bf39c0b3') in 0.012511 seconds 
========================================================================
Received Import Request.
  Time since last request: 0.000015 seconds.
  path: Packages/com.unity.collab-proxy/Editor/PlasticSCM/Assets/Images/iconundo@2x.png
  artifactKey: Guid(0dfbb2b6ddcdd254da80e3418498b3a6) Importer(815301076,1909f56bfc062723c751e8b465ee728b)
Start importing Packages/com.unity.collab-proxy/Editor/PlasticSCM/Assets/Images/iconundo@2x.png using Guid(0dfbb2b6ddcdd254da80e3418498b3a6) Importer(815301076,1909f56bfc062723c751e8b465ee728b)  -> (artifact id: 'd7d2be00afe30810d90c924ee796b896') in 0.012829 seconds 
========================================================================
Received Import Request.
  Time since last request: 0.000013 seconds.
  path: Packages/com.unity.collab-proxy/Editor/PlasticSCM/Assets/Images/ignoredoverlay@2x.png
  artifactKey: Guid(999d04c0ea94ccc41b3d80788160695b) Importer(815301076,1909f56bfc062723c751e8b465ee728b)
Start importing Packages/com.unity.collab-proxy/Editor/PlasticSCM/Assets/Images/ignoredoverlay@2x.png using Guid(999d04c0ea94ccc41b3d80788160695b) Importer(815301076,1909f56bfc062723c751e8b465ee728b)  -> (artifact id: '792714e3efc670e19ebd47eacc545925') in 0.020686 seconds 
========================================================================
Received Import Request.
  Time since last request: 0.498141 seconds.
  path: Packages/com.unity.collab-proxy/Editor/PlasticSCM/Assets/Images/iconlockedlocaloverlay@2x.png
  artifactKey: Guid(b528c1b33a65cf94ea74f830b54c9acb) Importer(815301076,1909f56bfc062723c751e8b465ee728b)
Start importing Packages/com.unity.collab-proxy/Editor/PlasticSCM/Assets/Images/iconlockedlocaloverlay@2x.png using Guid(b528c1b33a65cf94ea74f830b54c9acb) Importer(815301076,1909f56bfc062723c751e8b465ee728b)  -> (artifact id: 'ba61f23ab18edc7f5b484f5db89b0d52') in 0.021161 seconds 
========================================================================
Received Import Request.
  Time since last request: 0.000020 seconds.
  path: Packages/com.unity.collab-proxy/Editor/PlasticSCM/Assets/Images/iconoutofsync.png
  artifactKey: Guid(636d03a8834e3ed4cac3a1cb4b82deaf) Importer(815301076,1909f56bfc062723c751e8b465ee728b)
Start importing Packages/com.unity.collab-proxy/Editor/PlasticSCM/Assets/Images/iconoutofsync.png using Guid(636d03a8834e3ed4cac3a1cb4b82deaf) Importer(815301076,1909f56bfc062723c751e8b465ee728b)  -> (artifact id: 'd9e85011a41401bea01b8019b25b58b6') in 0.016579 seconds 
========================================================================
Received Import Request.
  Time since last request: 0.789195 seconds.
  path: Packages/com.unity.collab-proxy/Editor/PlasticSCM/Assets/Images/icondeletedlocaloverlay@2x.png
  artifactKey: Guid(a3e491f99ea3ad74f8731ca93e84c497) Importer(815301076,1909f56bfc062723c751e8b465ee728b)
Start importing Packages/com.unity.collab-proxy/Editor/PlasticSCM/Assets/Images/icondeletedlocaloverlay@2x.png using Guid(a3e491f99ea3ad74f8731ca93e84c497) Importer(815301076,1909f56bfc062723c751e8b465ee728b)  -> (artifact id: 'c0c9a35064d8720e965c9ab8314c394d') in 0.015987 seconds 
========================================================================
Received Import Request.
  Time since last request: 0.000013 seconds.
  path: Packages/com.unity.collab-proxy/Editor/PlasticSCM/Assets/Images/iconemptygravatar.png
  artifactKey: Guid(91976e8b9ce0f0341838727acd55621c) Importer(815301076,1909f56bfc062723c751e8b465ee728b)
Start importing Packages/com.unity.collab-proxy/Editor/PlasticSCM/Assets/Images/iconemptygravatar.png using Guid(91976e8b9ce0f0341838727acd55621c) Importer(815301076,1909f56bfc062723c751e8b465ee728b)  -> (artifact id: '657cdcffe86db7ab6e832719d919cdfe') in 0.014841 seconds 
========================================================================
Received Import Request.
  Time since last request: 0.101537 seconds.
  path: Packages/com.unity.collab-proxy/Editor/PlasticSCM/Assets/Images/iconclosebutton.png
  artifactKey: Guid(13527793884104b46b7446fd7464c3ed) Importer(815301076,1909f56bfc062723c751e8b465ee728b)
Start importing Packages/com.unity.collab-proxy/Editor/PlasticSCM/Assets/Images/iconclosebutton.png using Guid(13527793884104b46b7446fd7464c3ed) Importer(815301076,1909f56bfc062723c751e8b465ee728b)  -> (artifact id: '4f59bf2aa3c2dcbb22269f587a99d35b') in 0.014762 seconds 
========================================================================
Received Import Request.
  Time since last request: 0.000021 seconds.
  path: Packages/com.unity.collab-proxy/Editor/PlasticSCM/Assets/Images/iconconflictresolvedoverlay@2x.png
  artifactKey: Guid(309b1d5a294fd6c43ae9cf77656c1852) Importer(815301076,1909f56bfc062723c751e8b465ee728b)
Start importing Packages/com.unity.collab-proxy/Editor/PlasticSCM/Assets/Images/iconconflictresolvedoverlay@2x.png using Guid(309b1d5a294fd6c43ae9cf77656c1852) Importer(815301076,1909f56bfc062723c751e8b465ee728b)  -> (artifact id: 'af07835145bafac7d6c9ea0e54d2b379') in 0.022242 seconds 
========================================================================
Received Import Request.
  Time since last request: 0.048276 seconds.
  path: Packages/com.unity.collab-proxy/Editor/PlasticSCM/Assets/Images/iconbranch.png
  artifactKey: Guid(a6219d44b6fc910449f7c3fee45db5c5) Importer(815301076,1909f56bfc062723c751e8b465ee728b)
Start importing Packages/com.unity.collab-proxy/Editor/PlasticSCM/Assets/Images/iconbranch.png using Guid(a6219d44b6fc910449f7c3fee45db5c5) Importer(815301076,1909f56bfc062723c751e8b465ee728b)  -> (artifact id: '9286690e2dafaf6ce70aa9eb8c05658d') in 0.015164 seconds 
Editor requested this worker to shutdown with reason: Scaling down because of idle timeout
AssetImportWorker is now disconnected from the server
Process exiting
Exiting without the bug reporter. Application will terminate with return code 0